<?xml version="1.0" encoding="UTF-8"?>
<robot generator="Robot 6.1 (Python 3.11.4 on win32)" generated="20230725 09:14:12.715" rpa="false" schemaversion="4">
<suite id="s1" name="Login" source="D:\Robot_Framework\robot\TestCases\Login">
<suite id="s1-s1" name="login Test" source="D:\Robot_Framework\robot\TestCases\Login\login_Test.robot">
<kw name="open website orangeHRM" library="login_Keyword" type="SETUP">
<kw name="Open Browser" library="SeleniumLibrary">
<arg>${URL}</arg>
<arg>${browser}</arg>
<doc>Opens a new browser instance to the optional ``url``.</doc>
<msg timestamp="20230725 09:14:12.959" level="INFO">Opening browser 'chrome' to base url 'https://opensource-demo.orangehrmlive.com'.</msg>
<msg timestamp="20230725 09:14:12.973" level="INFO">Executing: C:\Python\Python311\Lib\site-packages\selenium\webdriver\common\windows\selenium-manager.exe --browser chrome --output json</msg>
<status status="PASS" starttime="20230725 09:14:12.959" endtime="20230725 09:14:28.180"/>
</kw>
<kw name="Maximize Browser Window" library="SeleniumLibrary">
<doc>Maximizes current browser window.</doc>
<status status="PASS" starttime="20230725 09:14:28.180" endtime="20230725 09:14:28.306"/>
</kw>
<status status="PASS" starttime="20230725 09:14:12.958" endtime="20230725 09:14:28.307"/>
</kw>
<test id="s1-s1-t1" name="login test 1" line="8">
<kw name="input username and password" library="login_Keyword">
<arg>${correct_username}</arg>
<arg>${correct_password}</arg>
<kw name="enter text" library="common_keyword">
<arg>${txt_username}</arg>
<arg>${username}</arg>
<kw name="Wait Until Element Is Visible" library="SeleniumLibrary">
<arg>${locator}</arg>
<doc>Waits until the element ``locator`` is visible.</doc>
<status status="PASS" starttime="20230725 09:14:28.310" endtime="20230725 09:14:29.214"/>
</kw>
<kw name="Input Text" library="SeleniumLibrary">
<arg>${locator}</arg>
<arg>${value}</arg>
<doc>Types the given ``text`` into the text field identified by ``locator``.</doc>
<msg timestamp="20230725 09:14:29.215" level="INFO">Typing text 'Admin' into text field '//input[@name='username']'.</msg>
<status status="PASS" starttime="20230725 09:14:29.214" endtime="20230725 09:14:29.320"/>
</kw>
<status status="PASS" starttime="20230725 09:14:28.310" endtime="20230725 09:14:29.320"/>
</kw>
<kw name="enter text" library="common_keyword">
<arg>${txt_password}</arg>
<arg>${password}</arg>
<kw name="Wait Until Element Is Visible" library="SeleniumLibrary">
<arg>${locator}</arg>
<doc>Waits until the element ``locator`` is visible.</doc>
<status status="PASS" starttime="20230725 09:14:29.321" endtime="20230725 09:14:29.363"/>
</kw>
<kw name="Input Text" library="SeleniumLibrary">
<arg>${locator}</arg>
<arg>${value}</arg>
<doc>Types the given ``text`` into the text field identified by ``locator``.</doc>
<msg timestamp="20230725 09:14:29.364" level="INFO">Typing text 'admin123' into text field '//input[@name='password']'.</msg>
<status status="PASS" starttime="20230725 09:14:29.363" endtime="20230725 09:14:29.510"/>
</kw>
<status status="PASS" starttime="20230725 09:14:29.321" endtime="20230725 09:14:29.510"/>
</kw>
<status status="PASS" starttime="20230725 09:14:28.309" endtime="20230725 09:14:29.510"/>
</kw>
<kw name="click login" library="login_Keyword">
<kw name="click button" library="common_keyword">
<arg>${btn_login}</arg>
<kw name="Wait Until Element Is Visible" library="SeleniumLibrary">
<arg>${locator}</arg>
<doc>Waits until the element ``locator`` is visible.</doc>
<status status="PASS" starttime="20230725 09:14:29.512" endtime="20230725 09:14:29.538"/>
</kw>
<kw name="click element" library="common_keyword">
<arg>${locator}</arg>
<kw name="Wait Until Element Is Visible" library="SeleniumLibrary">
<arg>${locator}</arg>
<doc>Waits until the element ``locator`` is visible.</doc>
<status status="PASS" starttime="20230725 09:14:29.539" endtime="20230725 09:14:29.568"/>
</kw>
<kw name="click element" library="common_keyword">
<arg>${locator}</arg>
<kw name="Wait Until Element Is Visible" library="SeleniumLibrary">
<arg>${locator}</arg>
<doc>Waits until the element ``locator`` is visible.</doc>
<status status="PASS" starttime="20230725 09:14:29.568" endtime="20230725 09:14:29.590"/>
</kw>
<kw name="click element" library="common_keyword">
<arg>${locator}</arg>
<kw name="Wait Until Element Is Visible" library="SeleniumLibrary">
<arg>${locator}</arg>
<doc>Waits until the element ``locator`` is visible.</doc>
<status status="PASS" starttime="20230725 09:14:29.590" endtime="20230725 09:14:29.609"/>
</kw>
<kw name="click element" library="common_keyword">
<arg>${locator}</arg>
<kw name="Wait Until Element Is Visible" library="SeleniumLibrary">
<arg>${locator}</arg>
<doc>Waits until the element ``locator`` is visible.</doc>
<status status="PASS" starttime="20230725 09:14:29.609" endtime="20230725 09:14:29.627"/>
</kw>
<kw name="click element" library="common_keyword">
<arg>${locator}</arg>
<kw name="Wait Until Element Is Visible" library="SeleniumLibrary">
<arg>${locator}</arg>
<doc>Waits until the element ``locator`` is visible.</doc>
<status status="PASS" starttime="20230725 09:14:29.628" endtime="20230725 09:14:29.648"/>
</kw>
<kw name="click element" library="common_keyword">
<arg>${locator}</arg>
<kw name="Wait Until Element Is Visible" library="SeleniumLibrary">
<arg>${locator}</arg>
<doc>Waits until the element ``locator`` is visible.</doc>
<status status="PASS" starttime="20230725 09:14:29.648" endtime="20230725 09:14:29.670"/>
</kw>
<kw name="click element" library="common_keyword">
<arg>${locator}</arg>
<kw name="Wait Until Element Is Visible" library="SeleniumLibrary">
<arg>${locator}</arg>
<doc>Waits until the element ``locator`` is visible.</doc>
<status status="PASS" starttime="20230725 09:14:29.670" endtime="20230725 09:14:29.693"/>
</kw>
<kw name="click element" library="common_keyword">
<arg>${locator}</arg>
<kw name="Wait Until Element Is Visible" library="SeleniumLibrary">
<arg>${locator}</arg>
<doc>Waits until the element ``locator`` is visible.</doc>
<status status="PASS" starttime="20230725 09:14:29.694" endtime="20230725 09:14:29.738"/>
</kw>
<kw name="click element" library="common_keyword">
<arg>${locator}</arg>
<kw name="Wait Until Element Is Visible" library="SeleniumLibrary">
<arg>${locator}</arg>
<doc>Waits until the element ``locator`` is visible.</doc>
<status status="PASS" starttime="20230725 09:14:29.738" endtime="20230725 09:14:29.761"/>
</kw>
<kw name="click element" library="common_keyword">
<arg>${locator}</arg>
<kw name="Wait Until Element Is Visible" library="SeleniumLibrary">
<arg>${locator}</arg>
<doc>Waits until the element ``locator`` is visible.</doc>
<status status="PASS" starttime="20230725 09:14:29.761" endtime="20230725 09:14:29.784"/>
</kw>
<kw name="click element" library="common_keyword">
<arg>${locator}</arg>
<kw name="Wait Until Element Is Visible" library="SeleniumLibrary">
<arg>${locator}</arg>
<doc>Waits until the element ``locator`` is visible.</doc>
<status status="PASS" starttime="20230725 09:14:29.785" endtime="20230725 09:14:29.804"/>
</kw>
<kw name="click element" library="common_keyword">
<arg>${locator}</arg>
<kw name="Wait Until Element Is Visible" library="SeleniumLibrary">
<arg>${locator}</arg>
<doc>Waits until the element ``locator`` is visible.</doc>
<status status="PASS" starttime="20230725 09:14:29.804" endtime="20230725 09:14:29.830"/>
</kw>
<kw name="click element" library="common_keyword">
<arg>${locator}</arg>
<kw name="Wait Until Element Is Visible" library="SeleniumLibrary">
<arg>${locator}</arg>
<doc>Waits until the element ``locator`` is visible.</doc>
<status status="PASS" starttime="20230725 09:14:29.830" endtime="20230725 09:14:29.856"/>
</kw>
<kw name="click element" library="common_keyword">
<arg>${locator}</arg>
<kw name="Wait Until Element Is Visible" library="SeleniumLibrary">
<arg>${locator}</arg>
<doc>Waits until the element ``locator`` is visible.</doc>
<status status="PASS" starttime="20230725 09:14:29.857" endtime="20230725 09:14:29.879"/>
</kw>
<kw name="click element" library="common_keyword">
<arg>${locator}</arg>
<kw name="Wait Until Element Is Visible" library="SeleniumLibrary">
<arg>${locator}</arg>
<doc>Waits until the element ``locator`` is visible.</doc>
<status status="PASS" starttime="20230725 09:14:29.879" endtime="20230725 09:14:29.898"/>
</kw>
<kw name="click element" library="common_keyword">
<arg>${locator}</arg>
<kw name="Wait Until Element Is Visible" library="SeleniumLibrary">
<arg>${locator}</arg>
<doc>Waits until the element ``locator`` is visible.</doc>
<status status="PASS" starttime="20230725 09:14:29.898" endtime="20230725 09:14:29.916"/>
</kw>
<kw name="click element" library="common_keyword">
<arg>${locator}</arg>
<kw name="Wait Until Element Is Visible" library="SeleniumLibrary">
<arg>${locator}</arg>
<doc>Waits until the element ``locator`` is visible.</doc>
<status status="PASS" starttime="20230725 09:14:29.917" endtime="20230725 09:14:29.935"/>
</kw>
<kw name="click element" library="common_keyword">
<arg>${locator}</arg>
<kw name="Wait Until Element Is Visible" library="SeleniumLibrary">
<arg>${locator}</arg>
<doc>Waits until the element ``locator`` is visible.</doc>
<status status="PASS" starttime="20230725 09:14:29.936" endtime="20230725 09:14:29.956"/>
</kw>
<kw name="click element" library="common_keyword">
<arg>${locator}</arg>
<kw name="Wait Until Element Is Visible" library="SeleniumLibrary">
<arg>${locator}</arg>
<doc>Waits until the element ``locator`` is visible.</doc>
<status status="PASS" starttime="20230725 09:14:29.956" endtime="20230725 09:14:29.995"/>
</kw>
<kw name="click element" library="common_keyword">
<arg>${locator}</arg>
<kw name="Wait Until Element Is Visible" library="SeleniumLibrary">
<arg>${locator}</arg>
<doc>Waits until the element ``locator`` is visible.</doc>
<status status="PASS" starttime="20230725 09:14:29.996" endtime="20230725 09:14:30.018"/>
</kw>
<kw name="click element" library="common_keyword">
<arg>${locator}</arg>
<kw name="Wait Until Element Is Visible" library="SeleniumLibrary">
<arg>${locator}</arg>
<doc>Waits until the element ``locator`` is visible.</doc>
<status status="PASS" starttime="20230725 09:14:30.018" endtime="20230725 09:14:30.040"/>
</kw>
<kw name="click element" library="common_keyword">
<arg>${locator}</arg>
<kw name="Wait Until Element Is Visible" library="SeleniumLibrary">
<arg>${locator}</arg>
<doc>Waits until the element ``locator`` is visible.</doc>
<status status="PASS" starttime="20230725 09:14:30.042" endtime="20230725 09:14:30.063"/>
</kw>
<kw name="click element" library="common_keyword">
<arg>${locator}</arg>
<kw name="Wait Until Element Is Visible" library="SeleniumLibrary">
<arg>${locator}</arg>
<doc>Waits until the element ``locator`` is visible.</doc>
<status status="PASS" starttime="20230725 09:14:30.064" endtime="20230725 09:14:30.084"/>
</kw>
<kw name="click element" library="common_keyword">
<arg>${locator}</arg>
<kw name="Wait Until Element Is Visible" library="SeleniumLibrary">
<arg>${locator}</arg>
<doc>Waits until the element ``locator`` is visible.</doc>
<status status="PASS" starttime="20230725 09:14:30.084" endtime="20230725 09:14:30.106"/>
</kw>
<kw name="click element" library="common_keyword">
<arg>${locator}</arg>
<kw name="Wait Until Element Is Visible" library="SeleniumLibrary">
<arg>${locator}</arg>
<doc>Waits until the element ``locator`` is visible.</doc>
<status status="PASS" starttime="20230725 09:14:30.106" endtime="20230725 09:14:30.126"/>
</kw>
<kw name="click element" library="common_keyword">
<arg>${locator}</arg>
<kw name="Wait Until Element Is Visible" library="SeleniumLibrary">
<arg>${locator}</arg>
<doc>Waits until the element ``locator`` is visible.</doc>
<status status="PASS" starttime="20230725 09:14:30.127" endtime="20230725 09:14:30.156"/>
</kw>
<kw name="click element" library="common_keyword">
<arg>${locator}</arg>
<kw name="Wait Until Element Is Visible" library="SeleniumLibrary">
<arg>${locator}</arg>
<doc>Waits until the element ``locator`` is visible.</doc>
<status status="PASS" starttime="20230725 09:14:30.157" endtime="20230725 09:14:30.179"/>
</kw>
<kw name="click element" library="common_keyword">
<arg>${locator}</arg>
<kw name="Wait Until Element Is Visible" library="SeleniumLibrary">
<arg>${locator}</arg>
<doc>Waits until the element ``locator`` is visible.</doc>
<status status="PASS" starttime="20230725 09:14:30.179" endtime="20230725 09:14:30.200"/>
</kw>
<kw name="click element" library="common_keyword">
<arg>${locator}</arg>
<kw name="Wait Until Element Is Visible" library="SeleniumLibrary">
<arg>${locator}</arg>
<doc>Waits until the element ``locator`` is visible.</doc>
<status status="PASS" starttime="20230725 09:14:30.200" endtime="20230725 09:14:30.229"/>
</kw>
<kw name="click element" library="common_keyword">
<arg>${locator}</arg>
<kw name="Wait Until Element Is Visible" library="SeleniumLibrary">
<arg>${locator}</arg>
<doc>Waits until the element ``locator`` is visible.</doc>
<status status="PASS" starttime="20230725 09:14:30.230" endtime="20230725 09:14:30.269"/>
</kw>
<kw name="click element" library="common_keyword">
<arg>${locator}</arg>
<kw name="Wait Until Element Is Visible" library="SeleniumLibrary">
<arg>${locator}</arg>
<doc>Waits until the element ``locator`` is visible.</doc>
<status status="PASS" starttime="20230725 09:14:30.270" endtime="20230725 09:14:30.287"/>
</kw>
<kw name="click element" library="common_keyword">
<arg>${locator}</arg>
<kw name="Wait Until Element Is Visible" library="SeleniumLibrary">
<arg>${locator}</arg>
<doc>Waits until the element ``locator`` is visible.</doc>
<status status="PASS" starttime="20230725 09:14:30.288" endtime="20230725 09:14:30.305"/>
</kw>
<kw name="click element" library="common_keyword">
<arg>${locator}</arg>
<kw name="Wait Until Element Is Visible" library="SeleniumLibrary">
<arg>${locator}</arg>
<doc>Waits until the element ``locator`` is visible.</doc>
<status status="PASS" starttime="20230725 09:14:30.305" endtime="20230725 09:14:30.324"/>
</kw>
<kw name="click element" library="common_keyword">
<arg>${locator}</arg>
<kw name="Wait Until Element Is Visible" library="SeleniumLibrary">
<arg>${locator}</arg>
<doc>Waits until the element ``locator`` is visible.</doc>
<status status="PASS" starttime="20230725 09:14:30.324" endtime="20230725 09:14:30.342"/>
</kw>
<kw name="click element" library="common_keyword">
<arg>${locator}</arg>
<kw name="Wait Until Element Is Visible" library="SeleniumLibrary">
<arg>${locator}</arg>
<doc>Waits until the element ``locator`` is visible.</doc>
<status status="PASS" starttime="20230725 09:14:30.343" endtime="20230725 09:14:30.362"/>
</kw>
<kw name="click element" library="common_keyword">
<arg>${locator}</arg>
<kw name="Wait Until Element Is Visible" library="SeleniumLibrary">
<arg>${locator}</arg>
<doc>Waits until the element ``locator`` is visible.</doc>
<status status="PASS" starttime="20230725 09:14:30.362" endtime="20230725 09:14:30.382"/>
</kw>
<kw name="click element" library="common_keyword">
<arg>${locator}</arg>
<kw name="Wait Until Element Is Visible" library="SeleniumLibrary">
<arg>${locator}</arg>
<doc>Waits until the element ``locator`` is visible.</doc>
<status status="PASS" starttime="20230725 09:14:30.382" endtime="20230725 09:14:30.403"/>
</kw>
<kw name="click element" library="common_keyword">
<arg>${locator}</arg>
<kw name="Wait Until Element Is Visible" library="SeleniumLibrary">
<arg>${locator}</arg>
<doc>Waits until the element ``locator`` is visible.</doc>
<status status="PASS" starttime="20230725 09:14:30.404" endtime="20230725 09:14:30.428"/>
</kw>
<kw name="click element" library="common_keyword">
<arg>${locator}</arg>
<kw name="Wait Until Element Is Visible" library="SeleniumLibrary">
<arg>${locator}</arg>
<doc>Waits until the element ``locator`` is visible.</doc>
<status status="PASS" starttime="20230725 09:14:30.428" endtime="20230725 09:14:30.450"/>
</kw>
<kw name="click element" library="common_keyword">
<arg>${locator}</arg>
<kw name="Wait Until Element Is Visible" library="SeleniumLibrary">
<arg>${locator}</arg>
<doc>Waits until the element ``locator`` is visible.</doc>
<status status="PASS" starttime="20230725 09:14:30.451" endtime="20230725 09:14:30.472"/>
</kw>
<kw name="click element" library="common_keyword">
<arg>${locator}</arg>
<kw name="Wait Until Element Is Visible" library="SeleniumLibrary">
<arg>${locator}</arg>
<doc>Waits until the element ``locator`` is visible.</doc>
<status status="PASS" starttime="20230725 09:14:30.473" endtime="20230725 09:14:30.506"/>
</kw>
<kw name="click element" library="common_keyword">
<arg>${locator}</arg>
<kw name="Wait Until Element Is Visible" library="SeleniumLibrary">
<arg>${locator}</arg>
<doc>Waits until the element ``locator`` is visible.</doc>
<status status="PASS" starttime="20230725 09:14:30.507" endtime="20230725 09:14:30.526"/>
</kw>
<kw name="click element" library="common_keyword">
<arg>${locator}</arg>
<kw name="Wait Until Element Is Visible" library="SeleniumLibrary">
<arg>${locator}</arg>
<doc>Waits until the element ``locator`` is visible.</doc>
<status status="PASS" starttime="20230725 09:14:30.527" endtime="20230725 09:14:30.552"/>
</kw>
<kw name="click element" library="common_keyword">
<arg>${locator}</arg>
<kw name="Wait Until Element Is Visible" library="SeleniumLibrary">
<arg>${locator}</arg>
<doc>Waits until the element ``locator`` is visible.</doc>
<status status="PASS" starttime="20230725 09:14:30.553" endtime="20230725 09:14:30.579"/>
</kw>
<kw name="click element" library="common_keyword">
<arg>${locator}</arg>
<kw name="Wait Until Element Is Visible" library="SeleniumLibrary">
<arg>${locator}</arg>
<doc>Waits until the element ``locator`` is visible.</doc>
<status status="PASS" starttime="20230725 09:14:30.580" endtime="20230725 09:14:30.601"/>
</kw>
<kw name="click element" library="common_keyword">
<arg>${locator}</arg>
<kw name="Wait Until Element Is Visible" library="SeleniumLibrary">
<arg>${locator}</arg>
<doc>Waits until the element ``locator`` is visible.</doc>
<status status="PASS" starttime="20230725 09:14:30.602" endtime="20230725 09:14:30.642"/>
</kw>
<kw name="click element" library="common_keyword">
<arg>${locator}</arg>
<kw name="Wait Until Element Is Visible" library="SeleniumLibrary">
<arg>${locator}</arg>
<doc>Waits until the element ``locator`` is visible.</doc>
<status status="PASS" starttime="20230725 09:14:30.643" endtime="20230725 09:14:30.667"/>
</kw>
<kw name="click element" library="common_keyword">
<arg>${locator}</arg>
<kw name="Wait Until Element Is Visible" library="SeleniumLibrary">
<arg>${locator}</arg>
<doc>Waits until the element ``locator`` is visible.</doc>
<status status="PASS" starttime="20230725 09:14:30.667" endtime="20230725 09:14:30.687"/>
</kw>
<kw name="click element" library="common_keyword">
<arg>${locator}</arg>
<kw name="Wait Until Element Is Visible" library="SeleniumLibrary">
<arg>${locator}</arg>
<doc>Waits until the element ``locator`` is visible.</doc>
<status status="PASS" starttime="20230725 09:14:30.687" endtime="20230725 09:14:30.708"/>
</kw>
<kw name="click element" library="common_keyword">
<arg>${locator}</arg>
<kw name="Wait Until Element Is Visible" library="SeleniumLibrary">
<arg>${locator}</arg>
<doc>Waits until the element ``locator`` is visible.</doc>
<status status="PASS" starttime="20230725 09:14:30.708" endtime="20230725 09:14:30.727"/>
</kw>
<kw name="click element" library="common_keyword">
<arg>${locator}</arg>
<kw name="Wait Until Element Is Visible" library="SeleniumLibrary">
<arg>${locator}</arg>
<doc>Waits until the element ``locator`` is visible.</doc>
<status status="PASS" starttime="20230725 09:14:30.727" endtime="20230725 09:14:30.748"/>
</kw>
<kw name="click element" library="common_keyword">
<arg>${locator}</arg>
<kw name="Wait Until Element Is Visible" library="SeleniumLibrary">
<arg>${locator}</arg>
<doc>Waits until the element ``locator`` is visible.</doc>
<status status="PASS" starttime="20230725 09:14:30.748" endtime="20230725 09:14:30.786"/>
</kw>
<kw name="click element" library="common_keyword">
<arg>${locator}</arg>
<kw name="Wait Until Element Is Visible" library="SeleniumLibrary">
<arg>${locator}</arg>
<doc>Waits until the element ``locator`` is visible.</doc>
<status status="PASS" starttime="20230725 09:14:30.787" endtime="20230725 09:14:30.806"/>
</kw>
<kw name="click element" library="common_keyword">
<arg>${locator}</arg>
<kw name="Wait Until Element Is Visible" library="SeleniumLibrary">
<arg>${locator}</arg>
<doc>Waits until the element ``locator`` is visible.</doc>
<status status="PASS" starttime="20230725 09:14:30.806" endtime="20230725 09:14:30.824"/>
</kw>
<kw name="click element" library="common_keyword">
<arg>${locator}</arg>
<kw name="Wait Until Element Is Visible" library="SeleniumLibrary">
<arg>${locator}</arg>
<doc>Waits until the element ``locator`` is visible.</doc>
<status status="PASS" starttime="20230725 09:14:30.825" endtime="20230725 09:14:30.843"/>
</kw>
<kw name="click element" library="common_keyword">
<arg>${locator}</arg>
<kw name="Wait Until Element Is Visible" library="SeleniumLibrary">
<arg>${locator}</arg>
<doc>Waits until the element ``locator`` is visible.</doc>
<status status="PASS" starttime="20230725 09:14:30.843" endtime="20230725 09:14:30.863"/>
</kw>
<kw name="click element" library="common_keyword">
<arg>${locator}</arg>
<kw name="Wait Until Element Is Visible" library="SeleniumLibrary">
<arg>${locator}</arg>
<doc>Waits until the element ``locator`` is visible.</doc>
<status status="PASS" starttime="20230725 09:14:30.864" endtime="20230725 09:14:30.887"/>
</kw>
<kw name="click element" library="common_keyword">
<arg>${locator}</arg>
<kw name="Wait Until Element Is Visible" library="SeleniumLibrary">
<arg>${locator}</arg>
<doc>Waits until the element ``locator`` is visible.</doc>
<status status="PASS" starttime="20230725 09:14:30.888" endtime="20230725 09:14:30.912"/>
</kw>
<kw name="click element" library="common_keyword">
<arg>${locator}</arg>
<kw name="Wait Until Element Is Visible" library="SeleniumLibrary">
<arg>${locator}</arg>
<doc>Waits until the element ``locator`` is visible.</doc>
<status status="PASS" starttime="20230725 09:14:30.913" endtime="20230725 09:14:30.934"/>
</kw>
<kw name="click element" library="common_keyword">
<arg>${locator}</arg>
<kw name="Wait Until Element Is Visible" library="SeleniumLibrary">
<arg>${locator}</arg>
<doc>Waits until the element ``locator`` is visible.</doc>
<status status="PASS" starttime="20230725 09:14:30.934" endtime="20230725 09:14:30.957"/>
</kw>
<kw name="click element" library="common_keyword">
<arg>${locator}</arg>
<kw name="Wait Until Element Is Visible" library="SeleniumLibrary">
<arg>${locator}</arg>
<doc>Waits until the element ``locator`` is visible.</doc>
<status status="PASS" starttime="20230725 09:14:30.958" endtime="20230725 09:14:30.978"/>
</kw>
<kw name="click element" library="common_keyword">
<arg>${locator}</arg>
<kw name="Wait Until Element Is Visible" library="SeleniumLibrary">
<arg>${locator}</arg>
<doc>Waits until the element ``locator`` is visible.</doc>
<status status="PASS" starttime="20230725 09:14:30.979" endtime="20230725 09:14:31.000"/>
</kw>
<kw name="click element" library="common_keyword">
<arg>${locator}</arg>
<kw name="Wait Until Element Is Visible" library="SeleniumLibrary">
<arg>${locator}</arg>
<doc>Waits until the element ``locator`` is visible.</doc>
<status status="PASS" starttime="20230725 09:14:31.000" endtime="20230725 09:14:31.039"/>
</kw>
<kw name="click element" library="common_keyword">
<arg>${locator}</arg>
<kw name="Wait Until Element Is Visible" library="SeleniumLibrary">
<arg>${locator}</arg>
<doc>Waits until the element ``locator`` is visible.</doc>
<status status="PASS" starttime="20230725 09:14:31.039" endtime="20230725 09:14:31.060"/>
</kw>
<kw name="click element" library="common_keyword">
<arg>${locator}</arg>
<kw name="Wait Until Element Is Visible" library="SeleniumLibrary">
<arg>${locator}</arg>
<doc>Waits until the element ``locator`` is visible.</doc>
<status status="PASS" starttime="20230725 09:14:31.061" endtime="20230725 09:14:31.090"/>
</kw>
<kw name="click element" library="common_keyword">
<arg>${locator}</arg>
<kw name="Wait Until Element Is Visible" library="SeleniumLibrary">
<arg>${locator}</arg>
<doc>Waits until the element ``locator`` is visible.</doc>
<status status="PASS" starttime="20230725 09:14:31.091" endtime="20230725 09:14:31.117"/>
</kw>
<kw name="click element" library="common_keyword">
<arg>${locator}</arg>
<kw name="Wait Until Element Is Visible" library="SeleniumLibrary">
<arg>${locator}</arg>
<doc>Waits until the element ``locator`` is visible.</doc>
<status status="PASS" starttime="20230725 09:14:31.117" endtime="20230725 09:14:31.136"/>
</kw>
<kw name="click element" library="common_keyword">
<arg>${locator}</arg>
<kw name="Wait Until Element Is Visible" library="SeleniumLibrary">
<arg>${locator}</arg>
<doc>Waits until the element ``locator`` is visible.</doc>
<status status="PASS" starttime="20230725 09:14:31.137" endtime="20230725 09:14:31.157"/>
</kw>
<kw name="click element" library="common_keyword">
<arg>${locator}</arg>
<kw name="Wait Until Element Is Visible" library="SeleniumLibrary">
<arg>${locator}</arg>
<doc>Waits until the element ``locator`` is visible.</doc>
<status status="PASS" starttime="20230725 09:14:31.157" endtime="20230725 09:14:31.177"/>
</kw>
<kw name="click element" library="common_keyword">
<arg>${locator}</arg>
<kw name="Wait Until Element Is Visible" library="SeleniumLibrary">
<arg>${locator}</arg>
<doc>Waits until the element ``locator`` is visible.</doc>
<status status="PASS" starttime="20230725 09:14:31.177" endtime="20230725 09:14:31.199"/>
</kw>
<kw name="click element" library="common_keyword">
<arg>${locator}</arg>
<kw name="Wait Until Element Is Visible" library="SeleniumLibrary">
<arg>${locator}</arg>
<doc>Waits until the element ``locator`` is visible.</doc>
<status status="PASS" starttime="20230725 09:14:31.199" endtime="20230725 09:14:31.220"/>
</kw>
<kw name="click element" library="common_keyword">
<arg>${locator}</arg>
<kw name="Wait Until Element Is Visible" library="SeleniumLibrary">
<arg>${locator}</arg>
<doc>Waits until the element ``locator`` is visible.</doc>
<status status="PASS" starttime="20230725 09:14:31.221" endtime="20230725 09:14:31.245"/>
</kw>
<kw name="click element" library="common_keyword">
<arg>${locator}</arg>
<kw name="Wait Until Element Is Visible" library="SeleniumLibrary">
<arg>${locator}</arg>
<doc>Waits until the element ``locator`` is visible.</doc>
<status status="PASS" starttime="20230725 09:14:31.246" endtime="20230725 09:14:31.267"/>
</kw>
<kw name="click element" library="common_keyword">
<arg>${locator}</arg>
<kw name="Wait Until Element Is Visible" library="SeleniumLibrary">
<arg>${locator}</arg>
<doc>Waits until the element ``locator`` is visible.</doc>
<status status="PASS" starttime="20230725 09:14:31.268" endtime="20230725 09:14:31.317"/>
</kw>
<kw name="click element" library="common_keyword">
<arg>${locator}</arg>
<kw name="Wait Until Element Is Visible" library="SeleniumLibrary">
<arg>${locator}</arg>
<doc>Waits until the element ``locator`` is visible.</doc>
<status status="PASS" starttime="20230725 09:14:31.317" endtime="20230725 09:14:31.336"/>
</kw>
<kw name="click element" library="common_keyword">
<arg>${locator}</arg>
<kw name="Wait Until Element Is Visible" library="SeleniumLibrary">
<arg>${locator}</arg>
<doc>Waits until the element ``locator`` is visible.</doc>
<status status="PASS" starttime="20230725 09:14:31.337" endtime="20230725 09:14:31.355"/>
</kw>
<kw name="click element" library="common_keyword">
<arg>${locator}</arg>
<kw name="Wait Until Element Is Visible" library="SeleniumLibrary">
<arg>${locator}</arg>
<doc>Waits until the element ``locator`` is visible.</doc>
<status status="PASS" starttime="20230725 09:14:31.355" endtime="20230725 09:14:31.374"/>
</kw>
<kw name="click element" library="common_keyword">
<arg>${locator}</arg>
<kw name="Wait Until Element Is Visible" library="SeleniumLibrary">
<arg>${locator}</arg>
<doc>Waits until the element ``locator`` is visible.</doc>
<status status="PASS" starttime="20230725 09:14:31.375" endtime="20230725 09:14:31.392"/>
</kw>
<kw name="click element" library="common_keyword">
<arg>${locator}</arg>
<kw name="Wait Until Element Is Visible" library="SeleniumLibrary">
<arg>${locator}</arg>
<doc>Waits until the element ``locator`` is visible.</doc>
<status status="PASS" starttime="20230725 09:14:31.392" endtime="20230725 09:14:31.410"/>
</kw>
<kw name="click element" library="common_keyword">
<arg>${locator}</arg>
<kw name="Wait Until Element Is Visible" library="SeleniumLibrary">
<arg>${locator}</arg>
<doc>Waits until the element ``locator`` is visible.</doc>
<status status="PASS" starttime="20230725 09:14:31.410" endtime="20230725 09:14:31.428"/>
</kw>
<kw name="click element" library="common_keyword">
<arg>${locator}</arg>
<kw name="Wait Until Element Is Visible" library="SeleniumLibrary">
<arg>${locator}</arg>
<doc>Waits until the element ``locator`` is visible.</doc>
<status status="PASS" starttime="20230725 09:14:31.428" endtime="20230725 09:14:31.446"/>
</kw>
<kw name="click element" library="common_keyword">
<arg>${locator}</arg>
<kw name="Wait Until Element Is Visible" library="SeleniumLibrary">
<arg>${locator}</arg>
<doc>Waits until the element ``locator`` is visible.</doc>
<status status="PASS" starttime="20230725 09:14:31.446" endtime="20230725 09:14:31.464"/>
</kw>
<kw name="click element" library="common_keyword">
<arg>${locator}</arg>
<kw name="Wait Until Element Is Visible" library="SeleniumLibrary">
<arg>${locator}</arg>
<doc>Waits until the element ``locator`` is visible.</doc>
<status status="PASS" starttime="20230725 09:14:31.464" endtime="20230725 09:14:31.484"/>
</kw>
<kw name="click element" library="common_keyword">
<arg>${locator}</arg>
<kw name="Wait Until Element Is Visible" library="SeleniumLibrary">
<arg>${locator}</arg>
<doc>Waits until the element ``locator`` is visible.</doc>
<status status="PASS" starttime="20230725 09:14:31.485" endtime="20230725 09:14:31.503"/>
</kw>
<kw name="click element" library="common_keyword">
<arg>${locator}</arg>
<kw name="Wait Until Element Is Visible" library="SeleniumLibrary">
<arg>${locator}</arg>
<doc>Waits until the element ``locator`` is visible.</doc>
<status status="PASS" starttime="20230725 09:14:31.504" endtime="20230725 09:14:31.523"/>
</kw>
<kw name="click element" library="common_keyword">
<arg>${locator}</arg>
<kw name="Wait Until Element Is Visible" library="SeleniumLibrary">
<arg>${locator}</arg>
<doc>Waits until the element ``locator`` is visible.</doc>
<status status="PASS" starttime="20230725 09:14:31.524" endtime="20230725 09:14:31.546"/>
</kw>
<kw name="click element" library="common_keyword">
<arg>${locator}</arg>
<kw name="Wait Until Element Is Visible" library="SeleniumLibrary">
<arg>${locator}</arg>
<doc>Waits until the element ``locator`` is visible.</doc>
<status status="PASS" starttime="20230725 09:14:31.548" endtime="20230725 09:14:31.576"/>
</kw>
<kw name="click element" library="common_keyword">
<arg>${locator}</arg>
<kw name="Wait Until Element Is Visible" library="SeleniumLibrary">
<arg>${locator}</arg>
<doc>Waits until the element ``locator`` is visible.</doc>
<status status="PASS" starttime="20230725 09:14:31.576" endtime="20230725 09:14:31.596"/>
</kw>
<kw name="click element" library="common_keyword">
<arg>${locator}</arg>
<kw name="Wait Until Element Is Visible" library="SeleniumLibrary">
<arg>${locator}</arg>
<doc>Waits until the element ``locator`` is visible.</doc>
<status status="PASS" starttime="20230725 09:14:31.597" endtime="20230725 09:14:31.616"/>
</kw>
<kw name="click element" library="common_keyword">
<arg>${locator}</arg>
<kw name="Wait Until Element Is Visible" library="SeleniumLibrary">
<arg>${locator}</arg>
<doc>Waits until the element ``locator`` is visible.</doc>
<status status="PASS" starttime="20230725 09:14:31.616" endtime="20230725 09:14:31.635"/>
</kw>
<kw name="click element" library="common_keyword">
<arg>${locator}</arg>
<kw name="Wait Until Element Is Visible" library="SeleniumLibrary">
<arg>${locator}</arg>
<doc>Waits until the element ``locator`` is visible.</doc>
<status status="PASS" starttime="20230725 09:14:31.636" endtime="20230725 09:14:31.655"/>
</kw>
<kw name="click element" library="common_keyword">
<arg>${locator}</arg>
<kw name="Wait Until Element Is Visible" library="SeleniumLibrary">
<arg>${locator}</arg>
<doc>Waits until the element ``locator`` is visible.</doc>
<status status="PASS" starttime="20230725 09:14:31.657" endtime="20230725 09:14:31.676"/>
</kw>
<kw name="click element" library="common_keyword">
<arg>${locator}</arg>
<kw name="Wait Until Element Is Visible" library="SeleniumLibrary">
<arg>${locator}</arg>
<doc>Waits until the element ``locator`` is visible.</doc>
<status status="PASS" starttime="20230725 09:14:31.676" endtime="20230725 09:14:31.696"/>
</kw>
<kw name="click element" library="common_keyword">
<arg>${locator}</arg>
<kw name="Wait Until Element Is Visible" library="SeleniumLibrary">
<arg>${locator}</arg>
<doc>Waits until the element ``locator`` is visible.</doc>
<status status="PASS" starttime="20230725 09:14:31.696" endtime="20230725 09:14:31.717"/>
</kw>
<kw name="click element" library="common_keyword">
<arg>${locator}</arg>
<kw name="Wait Until Element Is Visible" library="SeleniumLibrary">
<arg>${locator}</arg>
<doc>Waits until the element ``locator`` is visible.</doc>
<status status="PASS" starttime="20230725 09:14:31.718" endtime="20230725 09:14:31.739"/>
</kw>
<kw name="click element" library="common_keyword">
<arg>${locator}</arg>
<kw name="Wait Until Element Is Visible" library="SeleniumLibrary">
<arg>${locator}</arg>
<doc>Waits until the element ``locator`` is visible.</doc>
<status status="PASS" starttime="20230725 09:14:31.740" endtime="20230725 09:14:31.762"/>
</kw>
<kw name="click element" library="common_keyword">
<arg>${locator}</arg>
<kw name="Wait Until Element Is Visible" library="SeleniumLibrary">
<arg>${locator}</arg>
<doc>Waits until the element ``locator`` is visible.</doc>
<status status="PASS" starttime="20230725 09:14:31.763" endtime="20230725 09:14:31.782"/>
</kw>
<kw name="click element" library="common_keyword">
<arg>${locator}</arg>
<msg timestamp="20230725 09:14:31.783" level="FAIL">Maximum limit of started keywords and control structures exceeded.</msg>
<status status="FAIL" starttime="20230725 09:14:31.782" endtime="20230725 09:14:31.783"/>
</kw>
<status status="FAIL" starttime="20230725 09:14:31.762" endtime="20230725 09:14:31.783"/>
</kw>
<status status="FAIL" starttime="20230725 09:14:31.740" endtime="20230725 09:14:31.783"/>
</kw>
<status status="FAIL" starttime="20230725 09:14:31.717" endtime="20230725 09:14:31.783"/>
</kw>
<status status="FAIL" starttime="20230725 09:14:31.696" endtime="20230725 09:14:31.783"/>
</kw>
<status status="FAIL" starttime="20230725 09:14:31.676" endtime="20230725 09:14:31.784"/>
</kw>
<status status="FAIL" starttime="20230725 09:14:31.655" endtime="20230725 09:14:31.784"/>
</kw>
<status status="FAIL" starttime="20230725 09:14:31.636" endtime="20230725 09:14:31.784"/>
</kw>
<status status="FAIL" starttime="20230725 09:14:31.616" endtime="20230725 09:14:31.784"/>
</kw>
<status status="FAIL" starttime="20230725 09:14:31.596" endtime="20230725 09:14:31.784"/>
</kw>
<status status="FAIL" starttime="20230725 09:14:31.576" endtime="20230725 09:14:31.784"/>
</kw>
<status status="FAIL" starttime="20230725 09:14:31.547" endtime="20230725 09:14:31.785"/>
</kw>
<status status="FAIL" starttime="20230725 09:14:31.523" endtime="20230725 09:14:31.785"/>
</kw>
<status status="FAIL" starttime="20230725 09:14:31.503" endtime="20230725 09:14:31.785"/>
</kw>
<status status="FAIL" starttime="20230725 09:14:31.484" endtime="20230725 09:14:31.785"/>
</kw>
<status status="FAIL" starttime="20230725 09:14:31.464" endtime="20230725 09:14:31.785"/>
</kw>
<status status="FAIL" starttime="20230725 09:14:31.446" endtime="20230725 09:14:31.785"/>
</kw>
<status status="FAIL" starttime="20230725 09:14:31.428" endtime="20230725 09:14:31.785"/>
</kw>
<status status="FAIL" starttime="20230725 09:14:31.410" endtime="20230725 09:14:31.786"/>
</kw>
<status status="FAIL" starttime="20230725 09:14:31.392" endtime="20230725 09:14:31.786"/>
</kw>
<status status="FAIL" starttime="20230725 09:14:31.374" endtime="20230725 09:14:31.786"/>
</kw>
<status status="FAIL" starttime="20230725 09:14:31.355" endtime="20230725 09:14:31.786"/>
</kw>
<status status="FAIL" starttime="20230725 09:14:31.336" endtime="20230725 09:14:31.786"/>
</kw>
<status status="FAIL" starttime="20230725 09:14:31.317" endtime="20230725 09:14:31.786"/>
</kw>
<status status="FAIL" starttime="20230725 09:14:31.268" endtime="20230725 09:14:31.786"/>
</kw>
<status status="FAIL" starttime="20230725 09:14:31.246" endtime="20230725 09:14:31.787"/>
</kw>
<status status="FAIL" starttime="20230725 09:14:31.221" endtime="20230725 09:14:31.787"/>
</kw>
<status status="FAIL" starttime="20230725 09:14:31.199" endtime="20230725 09:14:31.787"/>
</kw>
<status status="FAIL" starttime="20230725 09:14:31.177" endtime="20230725 09:14:31.787"/>
</kw>
<status status="FAIL" starttime="20230725 09:14:31.157" endtime="20230725 09:14:31.787"/>
</kw>
<status status="FAIL" starttime="20230725 09:14:31.136" endtime="20230725 09:14:31.787"/>
</kw>
<status status="FAIL" starttime="20230725 09:14:31.117" endtime="20230725 09:14:31.787"/>
</kw>
<status status="FAIL" starttime="20230725 09:14:31.090" endtime="20230725 09:14:31.788"/>
</kw>
<status status="FAIL" starttime="20230725 09:14:31.060" endtime="20230725 09:14:31.788"/>
</kw>
<status status="FAIL" starttime="20230725 09:14:31.039" endtime="20230725 09:14:31.788"/>
</kw>
<status status="FAIL" starttime="20230725 09:14:31.000" endtime="20230725 09:14:31.788"/>
</kw>
<status status="FAIL" starttime="20230725 09:14:30.978" endtime="20230725 09:14:31.788"/>
</kw>
<status status="FAIL" starttime="20230725 09:14:30.957" endtime="20230725 09:14:31.788"/>
</kw>
<status status="FAIL" starttime="20230725 09:14:30.934" endtime="20230725 09:14:31.788"/>
</kw>
<status status="FAIL" starttime="20230725 09:14:30.912" endtime="20230725 09:14:31.788"/>
</kw>
<status status="FAIL" starttime="20230725 09:14:30.887" endtime="20230725 09:14:31.789"/>
</kw>
<status status="FAIL" starttime="20230725 09:14:30.864" endtime="20230725 09:14:31.789"/>
</kw>
<status status="FAIL" starttime="20230725 09:14:30.843" endtime="20230725 09:14:31.789"/>
</kw>
<status status="FAIL" starttime="20230725 09:14:30.824" endtime="20230725 09:14:31.789"/>
</kw>
<status status="FAIL" starttime="20230725 09:14:30.806" endtime="20230725 09:14:31.789"/>
</kw>
<status status="FAIL" starttime="20230725 09:14:30.787" endtime="20230725 09:14:31.789"/>
</kw>
<status status="FAIL" starttime="20230725 09:14:30.748" endtime="20230725 09:14:31.789"/>
</kw>
<status status="FAIL" starttime="20230725 09:14:30.727" endtime="20230725 09:14:31.790"/>
</kw>
<status status="FAIL" starttime="20230725 09:14:30.708" endtime="20230725 09:14:31.790"/>
</kw>
<status status="FAIL" starttime="20230725 09:14:30.687" endtime="20230725 09:14:31.790"/>
</kw>
<status status="FAIL" starttime="20230725 09:14:30.667" endtime="20230725 09:14:31.790"/>
</kw>
<status status="FAIL" starttime="20230725 09:14:30.643" endtime="20230725 09:14:31.790"/>
</kw>
<status status="FAIL" starttime="20230725 09:14:30.601" endtime="20230725 09:14:31.790"/>
</kw>
<status status="FAIL" starttime="20230725 09:14:30.579" endtime="20230725 09:14:31.790"/>
</kw>
<status status="FAIL" starttime="20230725 09:14:30.553" endtime="20230725 09:14:31.790"/>
</kw>
<status status="FAIL" starttime="20230725 09:14:30.527" endtime="20230725 09:14:31.791"/>
</kw>
<status status="FAIL" starttime="20230725 09:14:30.506" endtime="20230725 09:14:31.791"/>
</kw>
<status status="FAIL" starttime="20230725 09:14:30.472" endtime="20230725 09:14:31.791"/>
</kw>
<status status="FAIL" starttime="20230725 09:14:30.451" endtime="20230725 09:14:31.791"/>
</kw>
<status status="FAIL" starttime="20230725 09:14:30.428" endtime="20230725 09:14:31.791"/>
</kw>
<status status="FAIL" starttime="20230725 09:14:30.403" endtime="20230725 09:14:31.791"/>
</kw>
<status status="FAIL" starttime="20230725 09:14:30.382" endtime="20230725 09:14:31.791"/>
</kw>
<status status="FAIL" starttime="20230725 09:14:30.362" endtime="20230725 09:14:31.791"/>
</kw>
<status status="FAIL" starttime="20230725 09:14:30.343" endtime="20230725 09:14:31.791"/>
</kw>
<status status="FAIL" starttime="20230725 09:14:30.324" endtime="20230725 09:14:31.792"/>
</kw>
<status status="FAIL" starttime="20230725 09:14:30.305" endtime="20230725 09:14:31.792"/>
</kw>
<status status="FAIL" starttime="20230725 09:14:30.287" endtime="20230725 09:14:31.792"/>
</kw>
<status status="FAIL" starttime="20230725 09:14:30.269" endtime="20230725 09:14:31.792"/>
</kw>
<status status="FAIL" starttime="20230725 09:14:30.230" endtime="20230725 09:14:31.792"/>
</kw>
<status status="FAIL" starttime="20230725 09:14:30.200" endtime="20230725 09:14:31.792"/>
</kw>
<status status="FAIL" starttime="20230725 09:14:30.179" endtime="20230725 09:14:31.792"/>
</kw>
<status status="FAIL" starttime="20230725 09:14:30.156" endtime="20230725 09:14:31.792"/>
</kw>
<status status="FAIL" starttime="20230725 09:14:30.126" endtime="20230725 09:14:31.792"/>
</kw>
<status status="FAIL" starttime="20230725 09:14:30.106" endtime="20230725 09:14:31.794"/>
</kw>
<status status="FAIL" starttime="20230725 09:14:30.084" endtime="20230725 09:14:31.794"/>
</kw>
<status status="FAIL" starttime="20230725 09:14:30.064" endtime="20230725 09:14:31.794"/>
</kw>
<status status="FAIL" starttime="20230725 09:14:30.042" endtime="20230725 09:14:31.794"/>
</kw>
<status status="FAIL" starttime="20230725 09:14:30.018" endtime="20230725 09:14:31.794"/>
</kw>
<status status="FAIL" starttime="20230725 09:14:29.995" endtime="20230725 09:14:31.794"/>
</kw>
<status status="FAIL" starttime="20230725 09:14:29.956" endtime="20230725 09:14:31.794"/>
</kw>
<status status="FAIL" starttime="20230725 09:14:29.935" endtime="20230725 09:14:31.794"/>
</kw>
<status status="FAIL" starttime="20230725 09:14:29.917" endtime="20230725 09:14:31.794"/>
</kw>
<status status="FAIL" starttime="20230725 09:14:29.898" endtime="20230725 09:14:31.794"/>
</kw>
<status status="FAIL" starttime="20230725 09:14:29.879" endtime="20230725 09:14:31.794"/>
</kw>
<status status="FAIL" starttime="20230725 09:14:29.857" endtime="20230725 09:14:31.795"/>
</kw>
<status status="FAIL" starttime="20230725 09:14:29.830" endtime="20230725 09:14:31.795"/>
</kw>
<status status="FAIL" starttime="20230725 09:14:29.804" endtime="20230725 09:14:31.795"/>
</kw>
<status status="FAIL" starttime="20230725 09:14:29.784" endtime="20230725 09:14:31.795"/>
</kw>
<status status="FAIL" starttime="20230725 09:14:29.761" endtime="20230725 09:14:31.795"/>
</kw>
<status status="FAIL" starttime="20230725 09:14:29.738" endtime="20230725 09:14:31.795"/>
</kw>
<status status="FAIL" starttime="20230725 09:14:29.693" endtime="20230725 09:14:31.795"/>
</kw>
<status status="FAIL" starttime="20230725 09:14:29.670" endtime="20230725 09:14:31.795"/>
</kw>
<status status="FAIL" starttime="20230725 09:14:29.648" endtime="20230725 09:14:31.795"/>
</kw>
<status status="FAIL" starttime="20230725 09:14:29.627" endtime="20230725 09:14:31.795"/>
</kw>
<status status="FAIL" starttime="20230725 09:14:29.609" endtime="20230725 09:14:31.795"/>
</kw>
<status status="FAIL" starttime="20230725 09:14:29.590" endtime="20230725 09:14:31.796"/>
</kw>
<status status="FAIL" starttime="20230725 09:14:29.568" endtime="20230725 09:14:31.796"/>
</kw>
<status status="FAIL" starttime="20230725 09:14:29.538" endtime="20230725 09:14:31.796"/>
</kw>
<status status="FAIL" starttime="20230725 09:14:29.512" endtime="20230725 09:14:31.796"/>
</kw>
<status status="FAIL" starttime="20230725 09:14:29.512" endtime="20230725 09:14:31.796"/>
</kw>
<kw name="verify login success" library="login_Keyword">
<status status="NOT RUN" starttime="20230725 09:14:31.796" endtime="20230725 09:14:31.796"/>
</kw>
<kw name="logout" library="login_Keyword" type="TEARDOWN">
<kw name="click element" library="common_keyword">
<arg>${dropdown}</arg>
<kw name="Wait Until Element Is Visible" library="SeleniumLibrary">
<arg>${locator}</arg>
<doc>Waits until the element ``locator`` is visible.</doc>
<msg timestamp="20230725 09:14:37.017" level="INFO" html="true">&lt;/td&gt;&lt;/tr&gt;&lt;tr&gt;&lt;td colspan="3"&gt;&lt;a href="selenium-screenshot-17.png"&gt;&lt;img src="selenium-screenshot-17.png" width="800px"&gt;&lt;/a&gt;</msg>
<msg timestamp="20230725 09:14:37.018" level="FAIL">Element '//li[@class='oxd-userdropdown']' not visible after 5 seconds.</msg>
<status status="FAIL" starttime="20230725 09:14:31.797" endtime="20230725 09:14:37.023"/>
</kw>
<kw name="click element" library="common_keyword">
<arg>${locator}</arg>
<kw name="Wait Until Element Is Visible" library="SeleniumLibrary">
<arg>${locator}</arg>
<doc>Waits until the element ``locator`` is visible.</doc>
<msg timestamp="20230725 09:14:42.514" level="INFO" html="true">&lt;/td&gt;&lt;/tr&gt;&lt;tr&gt;&lt;td colspan="3"&gt;&lt;a href="selenium-screenshot-18.png"&gt;&lt;img src="selenium-screenshot-18.png" width="800px"&gt;&lt;/a&gt;</msg>
<msg timestamp="20230725 09:14:42.514" level="FAIL">Element '//li[@class='oxd-userdropdown']' not visible after 5 seconds.</msg>
<status status="FAIL" starttime="20230725 09:14:37.024" endtime="20230725 09:14:42.515"/>
</kw>
<kw name="click element" library="common_keyword">
<arg>${locator}</arg>
<kw name="Wait Until Element Is Visible" library="SeleniumLibrary">
<arg>${locator}</arg>
<doc>Waits until the element ``locator`` is visible.</doc>
<msg timestamp="20230725 09:14:47.940" level="INFO" html="true">&lt;/td&gt;&lt;/tr&gt;&lt;tr&gt;&lt;td colspan="3"&gt;&lt;a href="selenium-screenshot-19.png"&gt;&lt;img src="selenium-screenshot-19.png" width="800px"&gt;&lt;/a&gt;</msg>
<msg timestamp="20230725 09:14:47.940" level="FAIL">Element '//li[@class='oxd-userdropdown']' not visible after 5 seconds.</msg>
<status status="FAIL" starttime="20230725 09:14:42.516" endtime="20230725 09:14:47.940"/>
</kw>
<kw name="click element" library="common_keyword">
<arg>${locator}</arg>
<kw name="Wait Until Element Is Visible" library="SeleniumLibrary">
<arg>${locator}</arg>
<doc>Waits until the element ``locator`` is visible.</doc>
<msg timestamp="20230725 09:14:53.256" level="INFO" html="true">&lt;/td&gt;&lt;/tr&gt;&lt;tr&gt;&lt;td colspan="3"&gt;&lt;a href="selenium-screenshot-20.png"&gt;&lt;img src="selenium-screenshot-20.png" width="800px"&gt;&lt;/a&gt;</msg>
<msg timestamp="20230725 09:14:53.256" level="FAIL">Element '//li[@class='oxd-userdropdown']' not visible after 5 seconds.</msg>
<status status="FAIL" starttime="20230725 09:14:47.940" endtime="20230725 09:14:53.257"/>
</kw>
<kw name="click element" library="common_keyword">
<arg>${locator}</arg>
<kw name="Wait Until Element Is Visible" library="SeleniumLibrary">
<arg>${locator}</arg>
<doc>Waits until the element ``locator`` is visible.</doc>
<msg timestamp="20230725 09:14:58.610" level="INFO" html="true">&lt;/td&gt;&lt;/tr&gt;&lt;tr&gt;&lt;td colspan="3"&gt;&lt;a href="selenium-screenshot-21.png"&gt;&lt;img src="selenium-screenshot-21.png" width="800px"&gt;&lt;/a&gt;</msg>
<msg timestamp="20230725 09:14:58.610" level="FAIL">Element '//li[@class='oxd-userdropdown']' not visible after 5 seconds.</msg>
<status status="FAIL" starttime="20230725 09:14:53.258" endtime="20230725 09:14:58.612"/>
</kw>
<kw name="click element" library="common_keyword">
<arg>${locator}</arg>
<kw name="Wait Until Element Is Visible" library="SeleniumLibrary">
<arg>${locator}</arg>
<doc>Waits until the element ``locator`` is visible.</doc>
<msg timestamp="20230725 09:15:03.963" level="INFO" html="true">&lt;/td&gt;&lt;/tr&gt;&lt;tr&gt;&lt;td colspan="3"&gt;&lt;a href="selenium-screenshot-22.png"&gt;&lt;img src="selenium-screenshot-22.png" width="800px"&gt;&lt;/a&gt;</msg>
<msg timestamp="20230725 09:15:03.963" level="FAIL">Element '//li[@class='oxd-userdropdown']' not visible after 5 seconds.</msg>
<status status="FAIL" starttime="20230725 09:14:58.615" endtime="20230725 09:15:03.963"/>
</kw>
<kw name="click element" library="common_keyword">
<arg>${locator}</arg>
<kw name="Wait Until Element Is Visible" library="SeleniumLibrary">
<arg>${locator}</arg>
<doc>Waits until the element ``locator`` is visible.</doc>
<msg timestamp="20230725 09:15:05.735" level="WARN">Keyword 'Capture Page Screenshot' could not be run on failure: Message: no such window: target window already closed
from unknown error: web view not found
  (Session info: chrome=115.0.5790.102)
Stacktrace:
Backtrace:
	GetHandleVerifier [0x00C4A813+48355]
	(No symbol) [0x00BDC4B1]
	(No symbol) [0x00AE5358]
	(No symbol) [0x00ACD293]
	(No symbol) [0x00B2E37B]
	(No symbol) [0x00B3C473]
	(No symbol) [0x00B2A536]
	(No symbol) [0x00B082DC]
	(No symbol) [0x00B093DD]
	GetHandleVerifier [0x00EAAABD+2539405]
	GetHandleVerifier [0x00EEA78F+2800735]
	GetHandleVerifier [0x00EE456C+2775612]
	GetHandleVerifier [0x00CD51E0+616112]
	(No symbol) [0x00BE5F8C]
	(No symbol) [0x00BE2328]
	(No symbol) [0x00BE240B]
	(No symbol) [0x00BD4FF7]
	BaseThreadInitThunk [0x765E7D59+25]
	RtlInitializeExceptionChain [0x7762B79B+107]
	RtlClearBits [0x7762B71F+191]
</msg>
<msg timestamp="20230725 09:15:05.737" level="FAIL">NoSuchWindowException: Message: no such window: target window already closed
from unknown error: web view not found
  (Session info: chrome=115.0.5790.102)
Stacktrace:
Backtrace:
	GetHandleVerifier [0x00C4A813+48355]
	(No symbol) [0x00BDC4B1]
	(No symbol) [0x00AE5358]
	(No symbol) [0x00ACD293]
	(No symbol) [0x00B2E37B]
	(No symbol) [0x00B3C473]
	(No symbol) [0x00B2A536]
	(No symbol) [0x00B082DC]
	(No symbol) [0x00B093DD]
	GetHandleVerifier [0x00EAAABD+2539405]
	GetHandleVerifier [0x00EEA78F+2800735]
	GetHandleVerifier [0x00EE456C+2775612]
	GetHandleVerifier [0x00CD51E0+616112]
	(No symbol) [0x00BE5F8C]
	(No symbol) [0x00BE2328]
	(No symbol) [0x00BE240B]
	(No symbol) [0x00BD4FF7]
	BaseThreadInitThunk [0x765E7D59+25]
	RtlInitializeExceptionChain [0x7762B79B+107]
	RtlClearBits [0x7762B71F+191]
</msg>
<status status="FAIL" starttime="20230725 09:15:03.964" endtime="20230725 09:15:05.746"/>
</kw>
<kw name="click element" library="common_keyword">
<arg>${locator}</arg>
<kw name="Wait Until Element Is Visible" library="SeleniumLibrary">
<arg>${locator}</arg>
<doc>Waits until the element ``locator`` is visible.</doc>
<msg timestamp="20230725 09:15:05.795" level="WARN">Keyword 'Capture Page Screenshot' could not be run on failure: Message: no such window: target window already closed
from unknown error: web view not found
  (Session info: chrome=115.0.5790.102)
Stacktrace:
Backtrace:
	GetHandleVerifier [0x00C4A813+48355]
	(No symbol) [0x00BDC4B1]
	(No symbol) [0x00AE5358]
	(No symbol) [0x00ACD293]
	(No symbol) [0x00B2E37B]
	(No symbol) [0x00B3C473]
	(No symbol) [0x00B2A536]
	(No symbol) [0x00B082DC]
	(No symbol) [0x00B093DD]
	GetHandleVerifier [0x00EAAABD+2539405]
	GetHandleVerifier [0x00EEA78F+2800735]
	GetHandleVerifier [0x00EE456C+2775612]
	GetHandleVerifier [0x00CD51E0+616112]
	(No symbol) [0x00BE5F8C]
	(No symbol) [0x00BE2328]
	(No symbol) [0x00BE240B]
	(No symbol) [0x00BD4FF7]
	BaseThreadInitThunk [0x765E7D59+25]
	RtlInitializeExceptionChain [0x7762B79B+107]
	RtlClearBits [0x7762B71F+191]
</msg>
<msg timestamp="20230725 09:15:05.808" level="FAIL">NoSuchWindowException: Message: no such window: target window already closed
from unknown error: web view not found
  (Session info: chrome=115.0.5790.102)
Stacktrace:
Backtrace:
	GetHandleVerifier [0x00C4A813+48355]
	(No symbol) [0x00BDC4B1]
	(No symbol) [0x00AE5358]
	(No symbol) [0x00ACD293]
	(No symbol) [0x00B2E37B]
	(No symbol) [0x00B3C473]
	(No symbol) [0x00B2A536]
	(No symbol) [0x00B082DC]
	(No symbol) [0x00B093DD]
	GetHandleVerifier [0x00EAAABD+2539405]
	GetHandleVerifier [0x00EEA78F+2800735]
	GetHandleVerifier [0x00EE456C+2775612]
	GetHandleVerifier [0x00CD51E0+616112]
	(No symbol) [0x00BE5F8C]
	(No symbol) [0x00BE2328]
	(No symbol) [0x00BE240B]
	(No symbol) [0x00BD4FF7]
	BaseThreadInitThunk [0x765E7D59+25]
	RtlInitializeExceptionChain [0x7762B79B+107]
	RtlClearBits [0x7762B71F+191]
</msg>
<status status="FAIL" starttime="20230725 09:15:05.747" endtime="20230725 09:15:05.811"/>
</kw>
<kw name="click element" library="common_keyword">
<arg>${locator}</arg>
<kw name="Wait Until Element Is Visible" library="SeleniumLibrary">
<arg>${locator}</arg>
<doc>Waits until the element ``locator`` is visible.</doc>
<msg timestamp="20230725 09:15:05.825" level="WARN">Keyword 'Capture Page Screenshot' could not be run on failure: Message: no such window: target window already closed
from unknown error: web view not found
  (Session info: chrome=115.0.5790.102)
Stacktrace:
Backtrace:
	GetHandleVerifier [0x00C4A813+48355]
	(No symbol) [0x00BDC4B1]
	(No symbol) [0x00AE5358]
	(No symbol) [0x00ACD293]
	(No symbol) [0x00B2E37B]
	(No symbol) [0x00B3C473]
	(No symbol) [0x00B2A536]
	(No symbol) [0x00B082DC]
	(No symbol) [0x00B093DD]
	GetHandleVerifier [0x00EAAABD+2539405]
	GetHandleVerifier [0x00EEA78F+2800735]
	GetHandleVerifier [0x00EE456C+2775612]
	GetHandleVerifier [0x00CD51E0+616112]
	(No symbol) [0x00BE5F8C]
	(No symbol) [0x00BE2328]
	(No symbol) [0x00BE240B]
	(No symbol) [0x00BD4FF7]
	BaseThreadInitThunk [0x765E7D59+25]
	RtlInitializeExceptionChain [0x7762B79B+107]
	RtlClearBits [0x7762B71F+191]
</msg>
<msg timestamp="20230725 09:15:05.835" level="FAIL">NoSuchWindowException: Message: no such window: target window already closed
from unknown error: web view not found
  (Session info: chrome=115.0.5790.102)
Stacktrace:
Backtrace:
	GetHandleVerifier [0x00C4A813+48355]
	(No symbol) [0x00BDC4B1]
	(No symbol) [0x00AE5358]
	(No symbol) [0x00ACD293]
	(No symbol) [0x00B2E37B]
	(No symbol) [0x00B3C473]
	(No symbol) [0x00B2A536]
	(No symbol) [0x00B082DC]
	(No symbol) [0x00B093DD]
	GetHandleVerifier [0x00EAAABD+2539405]
	GetHandleVerifier [0x00EEA78F+2800735]
	GetHandleVerifier [0x00EE456C+2775612]
	GetHandleVerifier [0x00CD51E0+616112]
	(No symbol) [0x00BE5F8C]
	(No symbol) [0x00BE2328]
	(No symbol) [0x00BE240B]
	(No symbol) [0x00BD4FF7]
	BaseThreadInitThunk [0x765E7D59+25]
	RtlInitializeExceptionChain [0x7762B79B+107]
	RtlClearBits [0x7762B71F+191]
</msg>
<status status="FAIL" starttime="20230725 09:15:05.812" endtime="20230725 09:15:05.838"/>
</kw>
<kw name="click element" library="common_keyword">
<arg>${locator}</arg>
<kw name="Wait Until Element Is Visible" library="SeleniumLibrary">
<arg>${locator}</arg>
<doc>Waits until the element ``locator`` is visible.</doc>
<msg timestamp="20230725 09:15:05.892" level="WARN">Keyword 'Capture Page Screenshot' could not be run on failure: Message: no such window: target window already closed
from unknown error: web view not found
  (Session info: chrome=115.0.5790.102)
Stacktrace:
Backtrace:
	GetHandleVerifier [0x00C4A813+48355]
	(No symbol) [0x00BDC4B1]
	(No symbol) [0x00AE5358]
	(No symbol) [0x00ACD293]
	(No symbol) [0x00B2E37B]
	(No symbol) [0x00B3C473]
	(No symbol) [0x00B2A536]
	(No symbol) [0x00B082DC]
	(No symbol) [0x00B093DD]
	GetHandleVerifier [0x00EAAABD+2539405]
	GetHandleVerifier [0x00EEA78F+2800735]
	GetHandleVerifier [0x00EE456C+2775612]
	GetHandleVerifier [0x00CD51E0+616112]
	(No symbol) [0x00BE5F8C]
	(No symbol) [0x00BE2328]
	(No symbol) [0x00BE240B]
	(No symbol) [0x00BD4FF7]
	BaseThreadInitThunk [0x765E7D59+25]
	RtlInitializeExceptionChain [0x7762B79B+107]
	RtlClearBits [0x7762B71F+191]
</msg>
<msg timestamp="20230725 09:15:05.901" level="FAIL">NoSuchWindowException: Message: no such window: target window already closed
from unknown error: web view not found
  (Session info: chrome=115.0.5790.102)
Stacktrace:
Backtrace:
	GetHandleVerifier [0x00C4A813+48355]
	(No symbol) [0x00BDC4B1]
	(No symbol) [0x00AE5358]
	(No symbol) [0x00ACD293]
	(No symbol) [0x00B2E37B]
	(No symbol) [0x00B3C473]
	(No symbol) [0x00B2A536]
	(No symbol) [0x00B082DC]
	(No symbol) [0x00B093DD]
	GetHandleVerifier [0x00EAAABD+2539405]
	GetHandleVerifier [0x00EEA78F+2800735]
	GetHandleVerifier [0x00EE456C+2775612]
	GetHandleVerifier [0x00CD51E0+616112]
	(No symbol) [0x00BE5F8C]
	(No symbol) [0x00BE2328]
	(No symbol) [0x00BE240B]
	(No symbol) [0x00BD4FF7]
	BaseThreadInitThunk [0x765E7D59+25]
	RtlInitializeExceptionChain [0x7762B79B+107]
	RtlClearBits [0x7762B71F+191]
</msg>
<status status="FAIL" starttime="20230725 09:15:05.839" endtime="20230725 09:15:05.904"/>
</kw>
<kw name="click element" library="common_keyword">
<arg>${locator}</arg>
<kw name="Wait Until Element Is Visible" library="SeleniumLibrary">
<arg>${locator}</arg>
<doc>Waits until the element ``locator`` is visible.</doc>
<msg timestamp="20230725 09:15:05.914" level="WARN">Keyword 'Capture Page Screenshot' could not be run on failure: Message: no such window: target window already closed
from unknown error: web view not found
  (Session info: chrome=115.0.5790.102)
Stacktrace:
Backtrace:
	GetHandleVerifier [0x00C4A813+48355]
	(No symbol) [0x00BDC4B1]
	(No symbol) [0x00AE5358]
	(No symbol) [0x00ACD293]
	(No symbol) [0x00B2E37B]
	(No symbol) [0x00B3C473]
	(No symbol) [0x00B2A536]
	(No symbol) [0x00B082DC]
	(No symbol) [0x00B093DD]
	GetHandleVerifier [0x00EAAABD+2539405]
	GetHandleVerifier [0x00EEA78F+2800735]
	GetHandleVerifier [0x00EE456C+2775612]
	GetHandleVerifier [0x00CD51E0+616112]
	(No symbol) [0x00BE5F8C]
	(No symbol) [0x00BE2328]
	(No symbol) [0x00BE240B]
	(No symbol) [0x00BD4FF7]
	BaseThreadInitThunk [0x765E7D59+25]
	RtlInitializeExceptionChain [0x7762B79B+107]
	RtlClearBits [0x7762B71F+191]
</msg>
<msg timestamp="20230725 09:15:05.916" level="FAIL">NoSuchWindowException: Message: no such window: target window already closed
from unknown error: web view not found
  (Session info: chrome=115.0.5790.102)
Stacktrace:
Backtrace:
	GetHandleVerifier [0x00C4A813+48355]
	(No symbol) [0x00BDC4B1]
	(No symbol) [0x00AE5358]
	(No symbol) [0x00ACD293]
	(No symbol) [0x00B2E37B]
	(No symbol) [0x00B3C473]
	(No symbol) [0x00B2A536]
	(No symbol) [0x00B082DC]
	(No symbol) [0x00B093DD]
	GetHandleVerifier [0x00EAAABD+2539405]
	GetHandleVerifier [0x00EEA78F+2800735]
	GetHandleVerifier [0x00EE456C+2775612]
	GetHandleVerifier [0x00CD51E0+616112]
	(No symbol) [0x00BE5F8C]
	(No symbol) [0x00BE2328]
	(No symbol) [0x00BE240B]
	(No symbol) [0x00BD4FF7]
	BaseThreadInitThunk [0x765E7D59+25]
	RtlInitializeExceptionChain [0x7762B79B+107]
	RtlClearBits [0x7762B71F+191]
</msg>
<status status="FAIL" starttime="20230725 09:15:05.905" endtime="20230725 09:15:05.919"/>
</kw>
<kw name="click element" library="common_keyword">
<arg>${locator}</arg>
<kw name="Wait Until Element Is Visible" library="SeleniumLibrary">
<arg>${locator}</arg>
<doc>Waits until the element ``locator`` is visible.</doc>
<msg timestamp="20230725 09:15:05.926" level="WARN">Keyword 'Capture Page Screenshot' could not be run on failure: Message: no such window: target window already closed
from unknown error: web view not found
  (Session info: chrome=115.0.5790.102)
Stacktrace:
Backtrace:
	GetHandleVerifier [0x00C4A813+48355]
	(No symbol) [0x00BDC4B1]
	(No symbol) [0x00AE5358]
	(No symbol) [0x00ACD293]
	(No symbol) [0x00B2E37B]
	(No symbol) [0x00B3C473]
	(No symbol) [0x00B2A536]
	(No symbol) [0x00B082DC]
	(No symbol) [0x00B093DD]
	GetHandleVerifier [0x00EAAABD+2539405]
	GetHandleVerifier [0x00EEA78F+2800735]
	GetHandleVerifier [0x00EE456C+2775612]
	GetHandleVerifier [0x00CD51E0+616112]
	(No symbol) [0x00BE5F8C]
	(No symbol) [0x00BE2328]
	(No symbol) [0x00BE240B]
	(No symbol) [0x00BD4FF7]
	BaseThreadInitThunk [0x765E7D59+25]
	RtlInitializeExceptionChain [0x7762B79B+107]
	RtlClearBits [0x7762B71F+191]
</msg>
<msg timestamp="20230725 09:15:05.953" level="FAIL">NoSuchWindowException: Message: no such window: target window already closed
from unknown error: web view not found
  (Session info: chrome=115.0.5790.102)
Stacktrace:
Backtrace:
	GetHandleVerifier [0x00C4A813+48355]
	(No symbol) [0x00BDC4B1]
	(No symbol) [0x00AE5358]
	(No symbol) [0x00ACD293]
	(No symbol) [0x00B2E37B]
	(No symbol) [0x00B3C473]
	(No symbol) [0x00B2A536]
	(No symbol) [0x00B082DC]
	(No symbol) [0x00B093DD]
	GetHandleVerifier [0x00EAAABD+2539405]
	GetHandleVerifier [0x00EEA78F+2800735]
	GetHandleVerifier [0x00EE456C+2775612]
	GetHandleVerifier [0x00CD51E0+616112]
	(No symbol) [0x00BE5F8C]
	(No symbol) [0x00BE2328]
	(No symbol) [0x00BE240B]
	(No symbol) [0x00BD4FF7]
	BaseThreadInitThunk [0x765E7D59+25]
	RtlInitializeExceptionChain [0x7762B79B+107]
	RtlClearBits [0x7762B71F+191]
</msg>
<status status="FAIL" starttime="20230725 09:15:05.920" endtime="20230725 09:15:05.957"/>
</kw>
<kw name="click element" library="common_keyword">
<arg>${locator}</arg>
<kw name="Wait Until Element Is Visible" library="SeleniumLibrary">
<arg>${locator}</arg>
<doc>Waits until the element ``locator`` is visible.</doc>
<msg timestamp="20230725 09:15:05.965" level="WARN">Keyword 'Capture Page Screenshot' could not be run on failure: Message: no such window: target window already closed
from unknown error: web view not found
  (Session info: chrome=115.0.5790.102)
Stacktrace:
Backtrace:
	GetHandleVerifier [0x00C4A813+48355]
	(No symbol) [0x00BDC4B1]
	(No symbol) [0x00AE5358]
	(No symbol) [0x00ACD293]
	(No symbol) [0x00B2E37B]
	(No symbol) [0x00B3C473]
	(No symbol) [0x00B2A536]
	(No symbol) [0x00B082DC]
	(No symbol) [0x00B093DD]
	GetHandleVerifier [0x00EAAABD+2539405]
	GetHandleVerifier [0x00EEA78F+2800735]
	GetHandleVerifier [0x00EE456C+2775612]
	GetHandleVerifier [0x00CD51E0+616112]
	(No symbol) [0x00BE5F8C]
	(No symbol) [0x00BE2328]
	(No symbol) [0x00BE240B]
	(No symbol) [0x00BD4FF7]
	BaseThreadInitThunk [0x765E7D59+25]
	RtlInitializeExceptionChain [0x7762B79B+107]
	RtlClearBits [0x7762B71F+191]
</msg>
<msg timestamp="20230725 09:15:05.967" level="FAIL">NoSuchWindowException: Message: no such window: target window already closed
from unknown error: web view not found
  (Session info: chrome=115.0.5790.102)
Stacktrace:
Backtrace:
	GetHandleVerifier [0x00C4A813+48355]
	(No symbol) [0x00BDC4B1]
	(No symbol) [0x00AE5358]
	(No symbol) [0x00ACD293]
	(No symbol) [0x00B2E37B]
	(No symbol) [0x00B3C473]
	(No symbol) [0x00B2A536]
	(No symbol) [0x00B082DC]
	(No symbol) [0x00B093DD]
	GetHandleVerifier [0x00EAAABD+2539405]
	GetHandleVerifier [0x00EEA78F+2800735]
	GetHandleVerifier [0x00EE456C+2775612]
	GetHandleVerifier [0x00CD51E0+616112]
	(No symbol) [0x00BE5F8C]
	(No symbol) [0x00BE2328]
	(No symbol) [0x00BE240B]
	(No symbol) [0x00BD4FF7]
	BaseThreadInitThunk [0x765E7D59+25]
	RtlInitializeExceptionChain [0x7762B79B+107]
	RtlClearBits [0x7762B71F+191]
</msg>
<status status="FAIL" starttime="20230725 09:15:05.958" endtime="20230725 09:15:05.970"/>
</kw>
<kw name="click element" library="common_keyword">
<arg>${locator}</arg>
<kw name="Wait Until Element Is Visible" library="SeleniumLibrary">
<arg>${locator}</arg>
<doc>Waits until the element ``locator`` is visible.</doc>
<msg timestamp="20230725 09:15:05.979" level="WARN">Keyword 'Capture Page Screenshot' could not be run on failure: Message: no such window: target window already closed
from unknown error: web view not found
  (Session info: chrome=115.0.5790.102)
Stacktrace:
Backtrace:
	GetHandleVerifier [0x00C4A813+48355]
	(No symbol) [0x00BDC4B1]
	(No symbol) [0x00AE5358]
	(No symbol) [0x00ACD293]
	(No symbol) [0x00B2E37B]
	(No symbol) [0x00B3C473]
	(No symbol) [0x00B2A536]
	(No symbol) [0x00B082DC]
	(No symbol) [0x00B093DD]
	GetHandleVerifier [0x00EAAABD+2539405]
	GetHandleVerifier [0x00EEA78F+2800735]
	GetHandleVerifier [0x00EE456C+2775612]
	GetHandleVerifier [0x00CD51E0+616112]
	(No symbol) [0x00BE5F8C]
	(No symbol) [0x00BE2328]
	(No symbol) [0x00BE240B]
	(No symbol) [0x00BD4FF7]
	BaseThreadInitThunk [0x765E7D59+25]
	RtlInitializeExceptionChain [0x7762B79B+107]
	RtlClearBits [0x7762B71F+191]
</msg>
<msg timestamp="20230725 09:15:05.982" level="FAIL">NoSuchWindowException: Message: no such window: target window already closed
from unknown error: web view not found
  (Session info: chrome=115.0.5790.102)
Stacktrace:
Backtrace:
	GetHandleVerifier [0x00C4A813+48355]
	(No symbol) [0x00BDC4B1]
	(No symbol) [0x00AE5358]
	(No symbol) [0x00ACD293]
	(No symbol) [0x00B2E37B]
	(No symbol) [0x00B3C473]
	(No symbol) [0x00B2A536]
	(No symbol) [0x00B082DC]
	(No symbol) [0x00B093DD]
	GetHandleVerifier [0x00EAAABD+2539405]
	GetHandleVerifier [0x00EEA78F+2800735]
	GetHandleVerifier [0x00EE456C+2775612]
	GetHandleVerifier [0x00CD51E0+616112]
	(No symbol) [0x00BE5F8C]
	(No symbol) [0x00BE2328]
	(No symbol) [0x00BE240B]
	(No symbol) [0x00BD4FF7]
	BaseThreadInitThunk [0x765E7D59+25]
	RtlInitializeExceptionChain [0x7762B79B+107]
	RtlClearBits [0x7762B71F+191]
</msg>
<status status="FAIL" starttime="20230725 09:15:05.970" endtime="20230725 09:15:05.985"/>
</kw>
<kw name="click element" library="common_keyword">
<arg>${locator}</arg>
<kw name="Wait Until Element Is Visible" library="SeleniumLibrary">
<arg>${locator}</arg>
<doc>Waits until the element ``locator`` is visible.</doc>
<msg timestamp="20230725 09:15:05.995" level="WARN">Keyword 'Capture Page Screenshot' could not be run on failure: Message: no such window: target window already closed
from unknown error: web view not found
  (Session info: chrome=115.0.5790.102)
Stacktrace:
Backtrace:
	GetHandleVerifier [0x00C4A813+48355]
	(No symbol) [0x00BDC4B1]
	(No symbol) [0x00AE5358]
	(No symbol) [0x00ACD293]
	(No symbol) [0x00B2E37B]
	(No symbol) [0x00B3C473]
	(No symbol) [0x00B2A536]
	(No symbol) [0x00B082DC]
	(No symbol) [0x00B093DD]
	GetHandleVerifier [0x00EAAABD+2539405]
	GetHandleVerifier [0x00EEA78F+2800735]
	GetHandleVerifier [0x00EE456C+2775612]
	GetHandleVerifier [0x00CD51E0+616112]
	(No symbol) [0x00BE5F8C]
	(No symbol) [0x00BE2328]
	(No symbol) [0x00BE240B]
	(No symbol) [0x00BD4FF7]
	BaseThreadInitThunk [0x765E7D59+25]
	RtlInitializeExceptionChain [0x7762B79B+107]
	RtlClearBits [0x7762B71F+191]
</msg>
<msg timestamp="20230725 09:15:06.000" level="FAIL">NoSuchWindowException: Message: no such window: target window already closed
from unknown error: web view not found
  (Session info: chrome=115.0.5790.102)
Stacktrace:
Backtrace:
	GetHandleVerifier [0x00C4A813+48355]
	(No symbol) [0x00BDC4B1]
	(No symbol) [0x00AE5358]
	(No symbol) [0x00ACD293]
	(No symbol) [0x00B2E37B]
	(No symbol) [0x00B3C473]
	(No symbol) [0x00B2A536]
	(No symbol) [0x00B082DC]
	(No symbol) [0x00B093DD]
	GetHandleVerifier [0x00EAAABD+2539405]
	GetHandleVerifier [0x00EEA78F+2800735]
	GetHandleVerifier [0x00EE456C+2775612]
	GetHandleVerifier [0x00CD51E0+616112]
	(No symbol) [0x00BE5F8C]
	(No symbol) [0x00BE2328]
	(No symbol) [0x00BE240B]
	(No symbol) [0x00BD4FF7]
	BaseThreadInitThunk [0x765E7D59+25]
	RtlInitializeExceptionChain [0x7762B79B+107]
	RtlClearBits [0x7762B71F+191]
</msg>
<status status="FAIL" starttime="20230725 09:15:05.986" endtime="20230725 09:15:06.003"/>
</kw>
<kw name="click element" library="common_keyword">
<arg>${locator}</arg>
<kw name="Wait Until Element Is Visible" library="SeleniumLibrary">
<arg>${locator}</arg>
<doc>Waits until the element ``locator`` is visible.</doc>
<msg timestamp="20230725 09:15:06.012" level="WARN">Keyword 'Capture Page Screenshot' could not be run on failure: Message: no such window: target window already closed
from unknown error: web view not found
  (Session info: chrome=115.0.5790.102)
Stacktrace:
Backtrace:
	GetHandleVerifier [0x00C4A813+48355]
	(No symbol) [0x00BDC4B1]
	(No symbol) [0x00AE5358]
	(No symbol) [0x00ACD293]
	(No symbol) [0x00B2E37B]
	(No symbol) [0x00B3C473]
	(No symbol) [0x00B2A536]
	(No symbol) [0x00B082DC]
	(No symbol) [0x00B093DD]
	GetHandleVerifier [0x00EAAABD+2539405]
	GetHandleVerifier [0x00EEA78F+2800735]
	GetHandleVerifier [0x00EE456C+2775612]
	GetHandleVerifier [0x00CD51E0+616112]
	(No symbol) [0x00BE5F8C]
	(No symbol) [0x00BE2328]
	(No symbol) [0x00BE240B]
	(No symbol) [0x00BD4FF7]
	BaseThreadInitThunk [0x765E7D59+25]
	RtlInitializeExceptionChain [0x7762B79B+107]
	RtlClearBits [0x7762B71F+191]
</msg>
<msg timestamp="20230725 09:15:06.014" level="FAIL">NoSuchWindowException: Message: no such window: target window already closed
from unknown error: web view not found
  (Session info: chrome=115.0.5790.102)
Stacktrace:
Backtrace:
	GetHandleVerifier [0x00C4A813+48355]
	(No symbol) [0x00BDC4B1]
	(No symbol) [0x00AE5358]
	(No symbol) [0x00ACD293]
	(No symbol) [0x00B2E37B]
	(No symbol) [0x00B3C473]
	(No symbol) [0x00B2A536]
	(No symbol) [0x00B082DC]
	(No symbol) [0x00B093DD]
	GetHandleVerifier [0x00EAAABD+2539405]
	GetHandleVerifier [0x00EEA78F+2800735]
	GetHandleVerifier [0x00EE456C+2775612]
	GetHandleVerifier [0x00CD51E0+616112]
	(No symbol) [0x00BE5F8C]
	(No symbol) [0x00BE2328]
	(No symbol) [0x00BE240B]
	(No symbol) [0x00BD4FF7]
	BaseThreadInitThunk [0x765E7D59+25]
	RtlInitializeExceptionChain [0x7762B79B+107]
	RtlClearBits [0x7762B71F+191]
</msg>
<status status="FAIL" starttime="20230725 09:15:06.004" endtime="20230725 09:15:06.017"/>
</kw>
<kw name="click element" library="common_keyword">
<arg>${locator}</arg>
<kw name="Wait Until Element Is Visible" library="SeleniumLibrary">
<arg>${locator}</arg>
<doc>Waits until the element ``locator`` is visible.</doc>
<msg timestamp="20230725 09:15:06.026" level="WARN">Keyword 'Capture Page Screenshot' could not be run on failure: Message: no such window: target window already closed
from unknown error: web view not found
  (Session info: chrome=115.0.5790.102)
Stacktrace:
Backtrace:
	GetHandleVerifier [0x00C4A813+48355]
	(No symbol) [0x00BDC4B1]
	(No symbol) [0x00AE5358]
	(No symbol) [0x00ACD293]
	(No symbol) [0x00B2E37B]
	(No symbol) [0x00B3C473]
	(No symbol) [0x00B2A536]
	(No symbol) [0x00B082DC]
	(No symbol) [0x00B093DD]
	GetHandleVerifier [0x00EAAABD+2539405]
	GetHandleVerifier [0x00EEA78F+2800735]
	GetHandleVerifier [0x00EE456C+2775612]
	GetHandleVerifier [0x00CD51E0+616112]
	(No symbol) [0x00BE5F8C]
	(No symbol) [0x00BE2328]
	(No symbol) [0x00BE240B]
	(No symbol) [0x00BD4FF7]
	BaseThreadInitThunk [0x765E7D59+25]
	RtlInitializeExceptionChain [0x7762B79B+107]
	RtlClearBits [0x7762B71F+191]
</msg>
<msg timestamp="20230725 09:15:06.028" level="FAIL">NoSuchWindowException: Message: no such window: target window already closed
from unknown error: web view not found
  (Session info: chrome=115.0.5790.102)
Stacktrace:
Backtrace:
	GetHandleVerifier [0x00C4A813+48355]
	(No symbol) [0x00BDC4B1]
	(No symbol) [0x00AE5358]
	(No symbol) [0x00ACD293]
	(No symbol) [0x00B2E37B]
	(No symbol) [0x00B3C473]
	(No symbol) [0x00B2A536]
	(No symbol) [0x00B082DC]
	(No symbol) [0x00B093DD]
	GetHandleVerifier [0x00EAAABD+2539405]
	GetHandleVerifier [0x00EEA78F+2800735]
	GetHandleVerifier [0x00EE456C+2775612]
	GetHandleVerifier [0x00CD51E0+616112]
	(No symbol) [0x00BE5F8C]
	(No symbol) [0x00BE2328]
	(No symbol) [0x00BE240B]
	(No symbol) [0x00BD4FF7]
	BaseThreadInitThunk [0x765E7D59+25]
	RtlInitializeExceptionChain [0x7762B79B+107]
	RtlClearBits [0x7762B71F+191]
</msg>
<status status="FAIL" starttime="20230725 09:15:06.018" endtime="20230725 09:15:06.032"/>
</kw>
<kw name="click element" library="common_keyword">
<arg>${locator}</arg>
<kw name="Wait Until Element Is Visible" library="SeleniumLibrary">
<arg>${locator}</arg>
<doc>Waits until the element ``locator`` is visible.</doc>
<msg timestamp="20230725 09:15:06.040" level="WARN">Keyword 'Capture Page Screenshot' could not be run on failure: Message: no such window: target window already closed
from unknown error: web view not found
  (Session info: chrome=115.0.5790.102)
Stacktrace:
Backtrace:
	GetHandleVerifier [0x00C4A813+48355]
	(No symbol) [0x00BDC4B1]
	(No symbol) [0x00AE5358]
	(No symbol) [0x00ACD293]
	(No symbol) [0x00B2E37B]
	(No symbol) [0x00B3C473]
	(No symbol) [0x00B2A536]
	(No symbol) [0x00B082DC]
	(No symbol) [0x00B093DD]
	GetHandleVerifier [0x00EAAABD+2539405]
	GetHandleVerifier [0x00EEA78F+2800735]
	GetHandleVerifier [0x00EE456C+2775612]
	GetHandleVerifier [0x00CD51E0+616112]
	(No symbol) [0x00BE5F8C]
	(No symbol) [0x00BE2328]
	(No symbol) [0x00BE240B]
	(No symbol) [0x00BD4FF7]
	BaseThreadInitThunk [0x765E7D59+25]
	RtlInitializeExceptionChain [0x7762B79B+107]
	RtlClearBits [0x7762B71F+191]
</msg>
<msg timestamp="20230725 09:15:06.042" level="FAIL">NoSuchWindowException: Message: no such window: target window already closed
from unknown error: web view not found
  (Session info: chrome=115.0.5790.102)
Stacktrace:
Backtrace:
	GetHandleVerifier [0x00C4A813+48355]
	(No symbol) [0x00BDC4B1]
	(No symbol) [0x00AE5358]
	(No symbol) [0x00ACD293]
	(No symbol) [0x00B2E37B]
	(No symbol) [0x00B3C473]
	(No symbol) [0x00B2A536]
	(No symbol) [0x00B082DC]
	(No symbol) [0x00B093DD]
	GetHandleVerifier [0x00EAAABD+2539405]
	GetHandleVerifier [0x00EEA78F+2800735]
	GetHandleVerifier [0x00EE456C+2775612]
	GetHandleVerifier [0x00CD51E0+616112]
	(No symbol) [0x00BE5F8C]
	(No symbol) [0x00BE2328]
	(No symbol) [0x00BE240B]
	(No symbol) [0x00BD4FF7]
	BaseThreadInitThunk [0x765E7D59+25]
	RtlInitializeExceptionChain [0x7762B79B+107]
	RtlClearBits [0x7762B71F+191]
</msg>
<status status="FAIL" starttime="20230725 09:15:06.033" endtime="20230725 09:15:06.045"/>
</kw>
<kw name="click element" library="common_keyword">
<arg>${locator}</arg>
<kw name="Wait Until Element Is Visible" library="SeleniumLibrary">
<arg>${locator}</arg>
<doc>Waits until the element ``locator`` is visible.</doc>
<msg timestamp="20230725 09:15:06.054" level="WARN">Keyword 'Capture Page Screenshot' could not be run on failure: Message: no such window: target window already closed
from unknown error: web view not found
  (Session info: chrome=115.0.5790.102)
Stacktrace:
Backtrace:
	GetHandleVerifier [0x00C4A813+48355]
	(No symbol) [0x00BDC4B1]
	(No symbol) [0x00AE5358]
	(No symbol) [0x00ACD293]
	(No symbol) [0x00B2E37B]
	(No symbol) [0x00B3C473]
	(No symbol) [0x00B2A536]
	(No symbol) [0x00B082DC]
	(No symbol) [0x00B093DD]
	GetHandleVerifier [0x00EAAABD+2539405]
	GetHandleVerifier [0x00EEA78F+2800735]
	GetHandleVerifier [0x00EE456C+2775612]
	GetHandleVerifier [0x00CD51E0+616112]
	(No symbol) [0x00BE5F8C]
	(No symbol) [0x00BE2328]
	(No symbol) [0x00BE240B]
	(No symbol) [0x00BD4FF7]
	BaseThreadInitThunk [0x765E7D59+25]
	RtlInitializeExceptionChain [0x7762B79B+107]
	RtlClearBits [0x7762B71F+191]
</msg>
<msg timestamp="20230725 09:15:06.056" level="FAIL">NoSuchWindowException: Message: no such window: target window already closed
from unknown error: web view not found
  (Session info: chrome=115.0.5790.102)
Stacktrace:
Backtrace:
	GetHandleVerifier [0x00C4A813+48355]
	(No symbol) [0x00BDC4B1]
	(No symbol) [0x00AE5358]
	(No symbol) [0x00ACD293]
	(No symbol) [0x00B2E37B]
	(No symbol) [0x00B3C473]
	(No symbol) [0x00B2A536]
	(No symbol) [0x00B082DC]
	(No symbol) [0x00B093DD]
	GetHandleVerifier [0x00EAAABD+2539405]
	GetHandleVerifier [0x00EEA78F+2800735]
	GetHandleVerifier [0x00EE456C+2775612]
	GetHandleVerifier [0x00CD51E0+616112]
	(No symbol) [0x00BE5F8C]
	(No symbol) [0x00BE2328]
	(No symbol) [0x00BE240B]
	(No symbol) [0x00BD4FF7]
	BaseThreadInitThunk [0x765E7D59+25]
	RtlInitializeExceptionChain [0x7762B79B+107]
	RtlClearBits [0x7762B71F+191]
</msg>
<status status="FAIL" starttime="20230725 09:15:06.046" endtime="20230725 09:15:06.059"/>
</kw>
<kw name="click element" library="common_keyword">
<arg>${locator}</arg>
<kw name="Wait Until Element Is Visible" library="SeleniumLibrary">
<arg>${locator}</arg>
<doc>Waits until the element ``locator`` is visible.</doc>
<msg timestamp="20230725 09:15:06.068" level="WARN">Keyword 'Capture Page Screenshot' could not be run on failure: Message: no such window: target window already closed
from unknown error: web view not found
  (Session info: chrome=115.0.5790.102)
Stacktrace:
Backtrace:
	GetHandleVerifier [0x00C4A813+48355]
	(No symbol) [0x00BDC4B1]
	(No symbol) [0x00AE5358]
	(No symbol) [0x00ACD293]
	(No symbol) [0x00B2E37B]
	(No symbol) [0x00B3C473]
	(No symbol) [0x00B2A536]
	(No symbol) [0x00B082DC]
	(No symbol) [0x00B093DD]
	GetHandleVerifier [0x00EAAABD+2539405]
	GetHandleVerifier [0x00EEA78F+2800735]
	GetHandleVerifier [0x00EE456C+2775612]
	GetHandleVerifier [0x00CD51E0+616112]
	(No symbol) [0x00BE5F8C]
	(No symbol) [0x00BE2328]
	(No symbol) [0x00BE240B]
	(No symbol) [0x00BD4FF7]
	BaseThreadInitThunk [0x765E7D59+25]
	RtlInitializeExceptionChain [0x7762B79B+107]
	RtlClearBits [0x7762B71F+191]
</msg>
<msg timestamp="20230725 09:15:06.070" level="FAIL">NoSuchWindowException: Message: no such window: target window already closed
from unknown error: web view not found
  (Session info: chrome=115.0.5790.102)
Stacktrace:
Backtrace:
	GetHandleVerifier [0x00C4A813+48355]
	(No symbol) [0x00BDC4B1]
	(No symbol) [0x00AE5358]
	(No symbol) [0x00ACD293]
	(No symbol) [0x00B2E37B]
	(No symbol) [0x00B3C473]
	(No symbol) [0x00B2A536]
	(No symbol) [0x00B082DC]
	(No symbol) [0x00B093DD]
	GetHandleVerifier [0x00EAAABD+2539405]
	GetHandleVerifier [0x00EEA78F+2800735]
	GetHandleVerifier [0x00EE456C+2775612]
	GetHandleVerifier [0x00CD51E0+616112]
	(No symbol) [0x00BE5F8C]
	(No symbol) [0x00BE2328]
	(No symbol) [0x00BE240B]
	(No symbol) [0x00BD4FF7]
	BaseThreadInitThunk [0x765E7D59+25]
	RtlInitializeExceptionChain [0x7762B79B+107]
	RtlClearBits [0x7762B71F+191]
</msg>
<status status="FAIL" starttime="20230725 09:15:06.060" endtime="20230725 09:15:06.073"/>
</kw>
<kw name="click element" library="common_keyword">
<arg>${locator}</arg>
<kw name="Wait Until Element Is Visible" library="SeleniumLibrary">
<arg>${locator}</arg>
<doc>Waits until the element ``locator`` is visible.</doc>
<msg timestamp="20230725 09:15:06.082" level="WARN">Keyword 'Capture Page Screenshot' could not be run on failure: Message: no such window: target window already closed
from unknown error: web view not found
  (Session info: chrome=115.0.5790.102)
Stacktrace:
Backtrace:
	GetHandleVerifier [0x00C4A813+48355]
	(No symbol) [0x00BDC4B1]
	(No symbol) [0x00AE5358]
	(No symbol) [0x00ACD293]
	(No symbol) [0x00B2E37B]
	(No symbol) [0x00B3C473]
	(No symbol) [0x00B2A536]
	(No symbol) [0x00B082DC]
	(No symbol) [0x00B093DD]
	GetHandleVerifier [0x00EAAABD+2539405]
	GetHandleVerifier [0x00EEA78F+2800735]
	GetHandleVerifier [0x00EE456C+2775612]
	GetHandleVerifier [0x00CD51E0+616112]
	(No symbol) [0x00BE5F8C]
	(No symbol) [0x00BE2328]
	(No symbol) [0x00BE240B]
	(No symbol) [0x00BD4FF7]
	BaseThreadInitThunk [0x765E7D59+25]
	RtlInitializeExceptionChain [0x7762B79B+107]
	RtlClearBits [0x7762B71F+191]
</msg>
<msg timestamp="20230725 09:15:06.085" level="FAIL">NoSuchWindowException: Message: no such window: target window already closed
from unknown error: web view not found
  (Session info: chrome=115.0.5790.102)
Stacktrace:
Backtrace:
	GetHandleVerifier [0x00C4A813+48355]
	(No symbol) [0x00BDC4B1]
	(No symbol) [0x00AE5358]
	(No symbol) [0x00ACD293]
	(No symbol) [0x00B2E37B]
	(No symbol) [0x00B3C473]
	(No symbol) [0x00B2A536]
	(No symbol) [0x00B082DC]
	(No symbol) [0x00B093DD]
	GetHandleVerifier [0x00EAAABD+2539405]
	GetHandleVerifier [0x00EEA78F+2800735]
	GetHandleVerifier [0x00EE456C+2775612]
	GetHandleVerifier [0x00CD51E0+616112]
	(No symbol) [0x00BE5F8C]
	(No symbol) [0x00BE2328]
	(No symbol) [0x00BE240B]
	(No symbol) [0x00BD4FF7]
	BaseThreadInitThunk [0x765E7D59+25]
	RtlInitializeExceptionChain [0x7762B79B+107]
	RtlClearBits [0x7762B71F+191]
</msg>
<status status="FAIL" starttime="20230725 09:15:06.075" endtime="20230725 09:15:06.088"/>
</kw>
<kw name="click element" library="common_keyword">
<arg>${locator}</arg>
<kw name="Wait Until Element Is Visible" library="SeleniumLibrary">
<arg>${locator}</arg>
<doc>Waits until the element ``locator`` is visible.</doc>
[...]
	(No symbol) [0x00BD4FF7]
	BaseThreadInitThunk [0x765E7D59+25]
	RtlInitializeExceptionChain [0x7762B79B+107]
	RtlClearBits [0x7762B71F+191]
</msg>
<msg timestamp="20230725 09:15:08.156" level="WARN">Keyword 'Capture Page Screenshot' could not be run on failure: Message: no such window: target window already closed
from unknown error: web view not found
  (Session info: chrome=115.0.5790.102)
Stacktrace:
Backtrace:
	GetHandleVerifier [0x00C4A813+48355]
	(No symbol) [0x00BDC4B1]
	(No symbol) [0x00AE5358]
	(No symbol) [0x00ACD293]
	(No symbol) [0x00B2E37B]
	(No symbol) [0x00B3C473]
	(No symbol) [0x00B2A536]
	(No symbol) [0x00B082DC]
	(No symbol) [0x00B093DD]
	GetHandleVerifier [0x00EAAABD+2539405]
	GetHandleVerifier [0x00EEA78F+2800735]
	GetHandleVerifier [0x00EE456C+2775612]
	GetHandleVerifier [0x00CD51E0+616112]
	(No symbol) [0x00BE5F8C]
	(No symbol) [0x00BE2328]
	(No symbol) [0x00BE240B]
	(No symbol) [0x00BD4FF7]
	BaseThreadInitThunk [0x765E7D59+25]
	RtlInitializeExceptionChain [0x7762B79B+107]
	RtlClearBits [0x7762B71F+191]
</msg>
<msg timestamp="20230725 09:15:08.166" level="WARN">Keyword 'Capture Page Screenshot' could not be run on failure: Message: no such window: target window already closed
from unknown error: web view not found
  (Session info: chrome=115.0.5790.102)
Stacktrace:
Backtrace:
	GetHandleVerifier [0x00C4A813+48355]
	(No symbol) [0x00BDC4B1]
	(No symbol) [0x00AE5358]
	(No symbol) [0x00ACD293]
	(No symbol) [0x00B2E37B]
	(No symbol) [0x00B3C473]
	(No symbol) [0x00B2A536]
	(No symbol) [0x00B082DC]
	(No symbol) [0x00B093DD]
	GetHandleVerifier [0x00EAAABD+2539405]
	GetHandleVerifier [0x00EEA78F+2800735]
	GetHandleVerifier [0x00EE456C+2775612]
	GetHandleVerifier [0x00CD51E0+616112]
	(No symbol) [0x00BE5F8C]
	(No symbol) [0x00BE2328]
	(No symbol) [0x00BE240B]
	(No symbol) [0x00BD4FF7]
	BaseThreadInitThunk [0x765E7D59+25]
	RtlInitializeExceptionChain [0x7762B79B+107]
	RtlClearBits [0x7762B71F+191]
</msg>
<msg timestamp="20230725 09:15:08.177" level="WARN">Keyword 'Capture Page Screenshot' could not be run on failure: Message: no such window: target window already closed
from unknown error: web view not found
  (Session info: chrome=115.0.5790.102)
Stacktrace:
Backtrace:
	GetHandleVerifier [0x00C4A813+48355]
	(No symbol) [0x00BDC4B1]
	(No symbol) [0x00AE5358]
	(No symbol) [0x00ACD293]
	(No symbol) [0x00B2E37B]
	(No symbol) [0x00B3C473]
	(No symbol) [0x00B2A536]
	(No symbol) [0x00B082DC]
	(No symbol) [0x00B093DD]
	GetHandleVerifier [0x00EAAABD+2539405]
	GetHandleVerifier [0x00EEA78F+2800735]
	GetHandleVerifier [0x00EE456C+2775612]
	GetHandleVerifier [0x00CD51E0+616112]
	(No symbol) [0x00BE5F8C]
	(No symbol) [0x00BE2328]
	(No symbol) [0x00BE240B]
	(No symbol) [0x00BD4FF7]
	BaseThreadInitThunk [0x765E7D59+25]
	RtlInitializeExceptionChain [0x7762B79B+107]
	RtlClearBits [0x7762B71F+191]
</msg>
<msg timestamp="20230725 09:15:08.189" level="WARN">Keyword 'Capture Page Screenshot' could not be run on failure: Message: no such window: target window already closed
from unknown error: web view not found
  (Session info: chrome=115.0.5790.102)
Stacktrace:
Backtrace:
	GetHandleVerifier [0x00C4A813+48355]
	(No symbol) [0x00BDC4B1]
	(No symbol) [0x00AE5358]
	(No symbol) [0x00ACD293]
	(No symbol) [0x00B2E37B]
	(No symbol) [0x00B3C473]
	(No symbol) [0x00B2A536]
	(No symbol) [0x00B082DC]
	(No symbol) [0x00B093DD]
	GetHandleVerifier [0x00EAAABD+2539405]
	GetHandleVerifier [0x00EEA78F+2800735]
	GetHandleVerifier [0x00EE456C+2775612]
	GetHandleVerifier [0x00CD51E0+616112]
	(No symbol) [0x00BE5F8C]
	(No symbol) [0x00BE2328]
	(No symbol) [0x00BE240B]
	(No symbol) [0x00BD4FF7]
	BaseThreadInitThunk [0x765E7D59+25]
	RtlInitializeExceptionChain [0x7762B79B+107]
	RtlClearBits [0x7762B71F+191]
</msg>
<msg timestamp="20230725 09:15:08.199" level="WARN">Keyword 'Capture Page Screenshot' could not be run on failure: Message: no such window: target window already closed
from unknown error: web view not found
  (Session info: chrome=115.0.5790.102)
Stacktrace:
Backtrace:
	GetHandleVerifier [0x00C4A813+48355]
	(No symbol) [0x00BDC4B1]
	(No symbol) [0x00AE5358]
	(No symbol) [0x00ACD293]
	(No symbol) [0x00B2E37B]
	(No symbol) [0x00B3C473]
	(No symbol) [0x00B2A536]
	(No symbol) [0x00B082DC]
	(No symbol) [0x00B093DD]
	GetHandleVerifier [0x00EAAABD+2539405]
	GetHandleVerifier [0x00EEA78F+2800735]
	GetHandleVerifier [0x00EE456C+2775612]
	GetHandleVerifier [0x00CD51E0+616112]
	(No symbol) [0x00BE5F8C]
	(No symbol) [0x00BE2328]
	(No symbol) [0x00BE240B]
	(No symbol) [0x00BD4FF7]
	BaseThreadInitThunk [0x765E7D59+25]
	RtlInitializeExceptionChain [0x7762B79B+107]
	RtlClearBits [0x7762B71F+191]
</msg>
<msg timestamp="20230725 09:15:08.210" level="WARN">Keyword 'Capture Page Screenshot' could not be run on failure: Message: no such window: target window already closed
from unknown error: web view not found
  (Session info: chrome=115.0.5790.102)
Stacktrace:
Backtrace:
	GetHandleVerifier [0x00C4A813+48355]
	(No symbol) [0x00BDC4B1]
	(No symbol) [0x00AE5358]
	(No symbol) [0x00ACD293]
	(No symbol) [0x00B2E37B]
	(No symbol) [0x00B3C473]
	(No symbol) [0x00B2A536]
	(No symbol) [0x00B082DC]
	(No symbol) [0x00B093DD]
	GetHandleVerifier [0x00EAAABD+2539405]
	GetHandleVerifier [0x00EEA78F+2800735]
	GetHandleVerifier [0x00EE456C+2775612]
	GetHandleVerifier [0x00CD51E0+616112]
	(No symbol) [0x00BE5F8C]
	(No symbol) [0x00BE2328]
	(No symbol) [0x00BE240B]
	(No symbol) [0x00BD4FF7]
	BaseThreadInitThunk [0x765E7D59+25]
	RtlInitializeExceptionChain [0x7762B79B+107]
	RtlClearBits [0x7762B71F+191]
</msg>
<msg timestamp="20230725 09:15:08.222" level="WARN">Keyword 'Capture Page Screenshot' could not be run on failure: Message: no such window: target window already closed
from unknown error: web view not found
  (Session info: chrome=115.0.5790.102)
Stacktrace:
Backtrace:
	GetHandleVerifier [0x00C4A813+48355]
	(No symbol) [0x00BDC4B1]
	(No symbol) [0x00AE5358]
	(No symbol) [0x00ACD293]
	(No symbol) [0x00B2E37B]
	(No symbol) [0x00B3C473]
	(No symbol) [0x00B2A536]
	(No symbol) [0x00B082DC]
	(No symbol) [0x00B093DD]
	GetHandleVerifier [0x00EAAABD+2539405]
	GetHandleVerifier [0x00EEA78F+2800735]
	GetHandleVerifier [0x00EE456C+2775612]
	GetHandleVerifier [0x00CD51E0+616112]
	(No symbol) [0x00BE5F8C]
	(No symbol) [0x00BE2328]
	(No symbol) [0x00BE240B]
	(No symbol) [0x00BD4FF7]
	BaseThreadInitThunk [0x765E7D59+25]
	RtlInitializeExceptionChain [0x7762B79B+107]
	RtlClearBits [0x7762B71F+191]
</msg>
<msg timestamp="20230725 09:15:08.234" level="WARN">Keyword 'Capture Page Screenshot' could not be run on failure: Message: no such window: target window already closed
from unknown error: web view not found
  (Session info: chrome=115.0.5790.102)
Stacktrace:
Backtrace:
	GetHandleVerifier [0x00C4A813+48355]
	(No symbol) [0x00BDC4B1]
	(No symbol) [0x00AE5358]
	(No symbol) [0x00ACD293]
	(No symbol) [0x00B2E37B]
	(No symbol) [0x00B3C473]
	(No symbol) [0x00B2A536]
	(No symbol) [0x00B082DC]
	(No symbol) [0x00B093DD]
	GetHandleVerifier [0x00EAAABD+2539405]
	GetHandleVerifier [0x00EEA78F+2800735]
	GetHandleVerifier [0x00EE456C+2775612]
	GetHandleVerifier [0x00CD51E0+616112]
	(No symbol) [0x00BE5F8C]
	(No symbol) [0x00BE2328]
	(No symbol) [0x00BE240B]
	(No symbol) [0x00BD4FF7]
	BaseThreadInitThunk [0x765E7D59+25]
	RtlInitializeExceptionChain [0x7762B79B+107]
	RtlClearBits [0x7762B71F+191]
</msg>
<msg timestamp="20230725 09:15:08.245" level="WARN">Keyword 'Capture Page Screenshot' could not be run on failure: Message: no such window: target window already closed
from unknown error: web view not found
  (Session info: chrome=115.0.5790.102)
Stacktrace:
Backtrace:
	GetHandleVerifier [0x00C4A813+48355]
	(No symbol) [0x00BDC4B1]
	(No symbol) [0x00AE5358]
	(No symbol) [0x00ACD293]
	(No symbol) [0x00B2E37B]
	(No symbol) [0x00B3C473]
	(No symbol) [0x00B2A536]
	(No symbol) [0x00B082DC]
	(No symbol) [0x00B093DD]
	GetHandleVerifier [0x00EAAABD+2539405]
	GetHandleVerifier [0x00EEA78F+2800735]
	GetHandleVerifier [0x00EE456C+2775612]
	GetHandleVerifier [0x00CD51E0+616112]
	(No symbol) [0x00BE5F8C]
	(No symbol) [0x00BE2328]
	(No symbol) [0x00BE240B]
	(No symbol) [0x00BD4FF7]
	BaseThreadInitThunk [0x765E7D59+25]
	RtlInitializeExceptionChain [0x7762B79B+107]
	RtlClearBits [0x7762B71F+191]
</msg>
<msg timestamp="20230725 09:15:08.256" level="WARN">Keyword 'Capture Page Screenshot' could not be run on failure: Message: no such window: target window already closed
from unknown error: web view not found
  (Session info: chrome=115.0.5790.102)
Stacktrace:
Backtrace:
	GetHandleVerifier [0x00C4A813+48355]
	(No symbol) [0x00BDC4B1]
	(No symbol) [0x00AE5358]
	(No symbol) [0x00ACD293]
	(No symbol) [0x00B2E37B]
	(No symbol) [0x00B3C473]
	(No symbol) [0x00B2A536]
	(No symbol) [0x00B082DC]
	(No symbol) [0x00B093DD]
	GetHandleVerifier [0x00EAAABD+2539405]
	GetHandleVerifier [0x00EEA78F+2800735]
	GetHandleVerifier [0x00EE456C+2775612]
	GetHandleVerifier [0x00CD51E0+616112]
	(No symbol) [0x00BE5F8C]
	(No symbol) [0x00BE2328]
	(No symbol) [0x00BE240B]
	(No symbol) [0x00BD4FF7]
	BaseThreadInitThunk [0x765E7D59+25]
	RtlInitializeExceptionChain [0x7762B79B+107]
	RtlClearBits [0x7762B71F+191]
</msg>
<msg timestamp="20230725 09:15:08.268" level="WARN">Keyword 'Capture Page Screenshot' could not be run on failure: Message: no such window: target window already closed
from unknown error: web view not found
  (Session info: chrome=115.0.5790.102)
Stacktrace:
Backtrace:
	GetHandleVerifier [0x00C4A813+48355]
	(No symbol) [0x00BDC4B1]
	(No symbol) [0x00AE5358]
	(No symbol) [0x00ACD293]
	(No symbol) [0x00B2E37B]
	(No symbol) [0x00B3C473]
	(No symbol) [0x00B2A536]
	(No symbol) [0x00B082DC]
	(No symbol) [0x00B093DD]
	GetHandleVerifier [0x00EAAABD+2539405]
	GetHandleVerifier [0x00EEA78F+2800735]
	GetHandleVerifier [0x00EE456C+2775612]
	GetHandleVerifier [0x00CD51E0+616112]
	(No symbol) [0x00BE5F8C]
	(No symbol) [0x00BE2328]
	(No symbol) [0x00BE240B]
	(No symbol) [0x00BD4FF7]
	BaseThreadInitThunk [0x765E7D59+25]
	RtlInitializeExceptionChain [0x7762B79B+107]
	RtlClearBits [0x7762B71F+191]
</msg>
<msg timestamp="20230725 09:15:08.312" level="WARN">Keyword 'Capture Page Screenshot' could not be run on failure: Message: no such window: target window already closed
from unknown error: web view not found
  (Session info: chrome=115.0.5790.102)
Stacktrace:
Backtrace:
	GetHandleVerifier [0x00C4A813+48355]
	(No symbol) [0x00BDC4B1]
	(No symbol) [0x00AE5358]
	(No symbol) [0x00ACD293]
	(No symbol) [0x00B2E37B]
	(No symbol) [0x00B3C473]
	(No symbol) [0x00B2A536]
	(No symbol) [0x00B082DC]
	(No symbol) [0x00B093DD]
	GetHandleVerifier [0x00EAAABD+2539405]
	GetHandleVerifier [0x00EEA78F+2800735]
	GetHandleVerifier [0x00EE456C+2775612]
	GetHandleVerifier [0x00CD51E0+616112]
	(No symbol) [0x00BE5F8C]
	(No symbol) [0x00BE2328]
	(No symbol) [0x00BE240B]
	(No symbol) [0x00BD4FF7]
	BaseThreadInitThunk [0x765E7D59+25]
	RtlInitializeExceptionChain [0x7762B79B+107]
	RtlClearBits [0x7762B71F+191]
</msg>
<msg timestamp="20230725 09:15:08.322" level="WARN">Keyword 'Capture Page Screenshot' could not be run on failure: Message: no such window: target window already closed
from unknown error: web view not found
  (Session info: chrome=115.0.5790.102)
Stacktrace:
Backtrace:
	GetHandleVerifier [0x00C4A813+48355]
	(No symbol) [0x00BDC4B1]
	(No symbol) [0x00AE5358]
	(No symbol) [0x00ACD293]
	(No symbol) [0x00B2E37B]
	(No symbol) [0x00B3C473]
	(No symbol) [0x00B2A536]
	(No symbol) [0x00B082DC]
	(No symbol) [0x00B093DD]
	GetHandleVerifier [0x00EAAABD+2539405]
	GetHandleVerifier [0x00EEA78F+2800735]
	GetHandleVerifier [0x00EE456C+2775612]
	GetHandleVerifier [0x00CD51E0+616112]
	(No symbol) [0x00BE5F8C]
	(No symbol) [0x00BE2328]
	(No symbol) [0x00BE240B]
	(No symbol) [0x00BD4FF7]
	BaseThreadInitThunk [0x765E7D59+25]
	RtlInitializeExceptionChain [0x7762B79B+107]
	RtlClearBits [0x7762B71F+191]
</msg>
<msg timestamp="20230725 09:15:08.330" level="WARN">Keyword 'Capture Page Screenshot' could not be run on failure: Message: no such window: target window already closed
from unknown error: web view not found
  (Session info: chrome=115.0.5790.102)
Stacktrace:
Backtrace:
	GetHandleVerifier [0x00C4A813+48355]
	(No symbol) [0x00BDC4B1]
	(No symbol) [0x00AE5358]
	(No symbol) [0x00ACD293]
	(No symbol) [0x00B2E37B]
	(No symbol) [0x00B3C473]
	(No symbol) [0x00B2A536]
	(No symbol) [0x00B082DC]
	(No symbol) [0x00B093DD]
	GetHandleVerifier [0x00EAAABD+2539405]
	GetHandleVerifier [0x00EEA78F+2800735]
	GetHandleVerifier [0x00EE456C+2775612]
	GetHandleVerifier [0x00CD51E0+616112]
	(No symbol) [0x00BE5F8C]
	(No symbol) [0x00BE2328]
	(No symbol) [0x00BE240B]
	(No symbol) [0x00BD4FF7]
	BaseThreadInitThunk [0x765E7D59+25]
	RtlInitializeExceptionChain [0x7762B79B+107]
	RtlClearBits [0x7762B71F+191]
</msg>
<msg timestamp="20230725 09:15:08.339" level="WARN">Keyword 'Capture Page Screenshot' could not be run on failure: Message: no such window: target window already closed
from unknown error: web view not found
  (Session info: chrome=115.0.5790.102)
Stacktrace:
Backtrace:
	GetHandleVerifier [0x00C4A813+48355]
	(No symbol) [0x00BDC4B1]
	(No symbol) [0x00AE5358]
	(No symbol) [0x00ACD293]
	(No symbol) [0x00B2E37B]
	(No symbol) [0x00B3C473]
	(No symbol) [0x00B2A536]
	(No symbol) [0x00B082DC]
	(No symbol) [0x00B093DD]
	GetHandleVerifier [0x00EAAABD+2539405]
	GetHandleVerifier [0x00EEA78F+2800735]
	GetHandleVerifier [0x00EE456C+2775612]
	GetHandleVerifier [0x00CD51E0+616112]
	(No symbol) [0x00BE5F8C]
	(No symbol) [0x00BE2328]
	(No symbol) [0x00BE240B]
	(No symbol) [0x00BD4FF7]
	BaseThreadInitThunk [0x765E7D59+25]
	RtlInitializeExceptionChain [0x7762B79B+107]
	RtlClearBits [0x7762B71F+191]
</msg>
<msg timestamp="20230725 09:15:08.349" level="WARN">Keyword 'Capture Page Screenshot' could not be run on failure: Message: no such window: target window already closed
from unknown error: web view not found
  (Session info: chrome=115.0.5790.102)
Stacktrace:
Backtrace:
	GetHandleVerifier [0x00C4A813+48355]
	(No symbol) [0x00BDC4B1]
	(No symbol) [0x00AE5358]
	(No symbol) [0x00ACD293]
	(No symbol) [0x00B2E37B]
	(No symbol) [0x00B3C473]
	(No symbol) [0x00B2A536]
	(No symbol) [0x00B082DC]
	(No symbol) [0x00B093DD]
	GetHandleVerifier [0x00EAAABD+2539405]
	GetHandleVerifier [0x00EEA78F+2800735]
	GetHandleVerifier [0x00EE456C+2775612]
	GetHandleVerifier [0x00CD51E0+616112]
	(No symbol) [0x00BE5F8C]
	(No symbol) [0x00BE2328]
	(No symbol) [0x00BE240B]
	(No symbol) [0x00BD4FF7]
	BaseThreadInitThunk [0x765E7D59+25]
	RtlInitializeExceptionChain [0x7762B79B+107]
	RtlClearBits [0x7762B71F+191]
</msg>
<msg timestamp="20230725 09:15:08.357" level="WARN">Keyword 'Capture Page Screenshot' could not be run on failure: Message: no such window: target window already closed
from unknown error: web view not found
  (Session info: chrome=115.0.5790.102)
Stacktrace:
Backtrace:
	GetHandleVerifier [0x00C4A813+48355]
	(No symbol) [0x00BDC4B1]
	(No symbol) [0x00AE5358]
	(No symbol) [0x00ACD293]
	(No symbol) [0x00B2E37B]
	(No symbol) [0x00B3C473]
	(No symbol) [0x00B2A536]
	(No symbol) [0x00B082DC]
	(No symbol) [0x00B093DD]
	GetHandleVerifier [0x00EAAABD+2539405]
	GetHandleVerifier [0x00EEA78F+2800735]
	GetHandleVerifier [0x00EE456C+2775612]
	GetHandleVerifier [0x00CD51E0+616112]
	(No symbol) [0x00BE5F8C]
	(No symbol) [0x00BE2328]
	(No symbol) [0x00BE240B]
	(No symbol) [0x00BD4FF7]
	BaseThreadInitThunk [0x765E7D59+25]
	RtlInitializeExceptionChain [0x7762B79B+107]
	RtlClearBits [0x7762B71F+191]
</msg>
<msg timestamp="20230725 09:15:08.366" level="WARN">Keyword 'Capture Page Screenshot' could not be run on failure: Message: no such window: target window already closed
from unknown error: web view not found
  (Session info: chrome=115.0.5790.102)
Stacktrace:
Backtrace:
	GetHandleVerifier [0x00C4A813+48355]
	(No symbol) [0x00BDC4B1]
	(No symbol) [0x00AE5358]
	(No symbol) [0x00ACD293]
	(No symbol) [0x00B2E37B]
	(No symbol) [0x00B3C473]
	(No symbol) [0x00B2A536]
	(No symbol) [0x00B082DC]
	(No symbol) [0x00B093DD]
	GetHandleVerifier [0x00EAAABD+2539405]
	GetHandleVerifier [0x00EEA78F+2800735]
	GetHandleVerifier [0x00EE456C+2775612]
	GetHandleVerifier [0x00CD51E0+616112]
	(No symbol) [0x00BE5F8C]
	(No symbol) [0x00BE2328]
	(No symbol) [0x00BE240B]
	(No symbol) [0x00BD4FF7]
	BaseThreadInitThunk [0x765E7D59+25]
	RtlInitializeExceptionChain [0x7762B79B+107]
	RtlClearBits [0x7762B71F+191]
</msg>
<msg timestamp="20230725 09:15:08.460" level="WARN">Keyword 'Capture Page Screenshot' could not be run on failure: Message: no such window: target window already closed
from unknown error: web view not found
  (Session info: chrome=115.0.5790.102)
Stacktrace:
Backtrace:
	GetHandleVerifier [0x00C4A813+48355]
	(No symbol) [0x00BDC4B1]
	(No symbol) [0x00AE5358]
	(No symbol) [0x00ACD293]
	(No symbol) [0x00B2E37B]
	(No symbol) [0x00B3C473]
	(No symbol) [0x00B2A536]
	(No symbol) [0x00B082DC]
	(No symbol) [0x00B093DD]
	GetHandleVerifier [0x00EAAABD+2539405]
	GetHandleVerifier [0x00EEA78F+2800735]
	GetHandleVerifier [0x00EE456C+2775612]
	GetHandleVerifier [0x00CD51E0+616112]
	(No symbol) [0x00BE5F8C]
	(No symbol) [0x00BE2328]
	(No symbol) [0x00BE240B]
	(No symbol) [0x00BD4FF7]
	BaseThreadInitThunk [0x765E7D59+25]
	RtlInitializeExceptionChain [0x7762B79B+107]
	RtlClearBits [0x7762B71F+191]
</msg>
<msg timestamp="20230725 09:15:08.470" level="WARN">Keyword 'Capture Page Screenshot' could not be run on failure: Message: no such window: target window already closed
from unknown error: web view not found
  (Session info: chrome=115.0.5790.102)
Stacktrace:
Backtrace:
	GetHandleVerifier [0x00C4A813+48355]
	(No symbol) [0x00BDC4B1]
	(No symbol) [0x00AE5358]
	(No symbol) [0x00ACD293]
	(No symbol) [0x00B2E37B]
	(No symbol) [0x00B3C473]
	(No symbol) [0x00B2A536]
	(No symbol) [0x00B082DC]
	(No symbol) [0x00B093DD]
	GetHandleVerifier [0x00EAAABD+2539405]
	GetHandleVerifier [0x00EEA78F+2800735]
	GetHandleVerifier [0x00EE456C+2775612]
	GetHandleVerifier [0x00CD51E0+616112]
	(No symbol) [0x00BE5F8C]
	(No symbol) [0x00BE2328]
	(No symbol) [0x00BE240B]
	(No symbol) [0x00BD4FF7]
	BaseThreadInitThunk [0x765E7D59+25]
	RtlInitializeExceptionChain [0x7762B79B+107]
	RtlClearBits [0x7762B71F+191]
</msg>
<msg timestamp="20230725 09:15:08.487" level="WARN">Keyword 'Capture Page Screenshot' could not be run on failure: Message: no such window: target window already closed
from unknown error: web view not found
  (Session info: chrome=115.0.5790.102)
Stacktrace:
Backtrace:
	GetHandleVerifier [0x00C4A813+48355]
	(No symbol) [0x00BDC4B1]
	(No symbol) [0x00AE5358]
	(No symbol) [0x00ACD293]
	(No symbol) [0x00B2E37B]
	(No symbol) [0x00B3C473]
	(No symbol) [0x00B2A536]
	(No symbol) [0x00B082DC]
	(No symbol) [0x00B093DD]
	GetHandleVerifier [0x00EAAABD+2539405]
	GetHandleVerifier [0x00EEA78F+2800735]
	GetHandleVerifier [0x00EE456C+2775612]
	GetHandleVerifier [0x00CD51E0+616112]
	(No symbol) [0x00BE5F8C]
	(No symbol) [0x00BE2328]
	(No symbol) [0x00BE240B]
	(No symbol) [0x00BD4FF7]
	BaseThreadInitThunk [0x765E7D59+25]
	RtlInitializeExceptionChain [0x7762B79B+107]
	RtlClearBits [0x7762B71F+191]
</msg>
<msg timestamp="20230725 09:15:08.502" level="WARN">Keyword 'Capture Page Screenshot' could not be run on failure: Message: no such window: target window already closed
from unknown error: web view not found
  (Session info: chrome=115.0.5790.102)
Stacktrace:
Backtrace:
	GetHandleVerifier [0x00C4A813+48355]
	(No symbol) [0x00BDC4B1]
	(No symbol) [0x00AE5358]
	(No symbol) [0x00ACD293]
	(No symbol) [0x00B2E37B]
	(No symbol) [0x00B3C473]
	(No symbol) [0x00B2A536]
	(No symbol) [0x00B082DC]
	(No symbol) [0x00B093DD]
	GetHandleVerifier [0x00EAAABD+2539405]
	GetHandleVerifier [0x00EEA78F+2800735]
	GetHandleVerifier [0x00EE456C+2775612]
	GetHandleVerifier [0x00CD51E0+616112]
	(No symbol) [0x00BE5F8C]
	(No symbol) [0x00BE2328]
	(No symbol) [0x00BE240B]
	(No symbol) [0x00BD4FF7]
	BaseThreadInitThunk [0x765E7D59+25]
	RtlInitializeExceptionChain [0x7762B79B+107]
	RtlClearBits [0x7762B71F+191]
</msg>
</errors>
</robot>
